{"/Users/jadir/code/culqi/apps/PkAuthenticationFailed.ts": {"path":"/Users/jadir/code/culqi/apps/PkAuthenticationFailed.ts","statementMap":{"0":{"start":{"line":3,"column":4},"end":{"line":3,"column":59}},"1":{"start":{"line":1,"column":0},"end":{"line":1,"column":13}}},"fnMap":{"0":{"name":"(anonymous_0)","decl":{"start":{"line":2,"column":2},"end":{"line":2,"column":null}},"loc":{"start":{"line":2,"column":2},"end":{"line":4,"column":3}}}},"branchMap":{},"s":{"0":0,"1":2},"f":{"0":0},"b":{}}
,"/Users/jadir/code/culqi/apps/RequestSchemaValidationFailed.ts": {"path":"/Users/jadir/code/culqi/apps/RequestSchemaValidationFailed.ts","statementMap":{"0":{"start":{"line":5,"column":4},"end":{"line":5,"column":47}},"1":{"start":{"line":6,"column":4},"end":{"line":6,"column":26}},"2":{"start":{"line":10,"column":4},"end":{"line":10,"column":24}},"3":{"start":{"line":1,"column":0},"end":{"line":1,"column":13}}},"fnMap":{"0":{"name":"(anonymous_0)","decl":{"start":{"line":4,"column":2},"end":{"line":4,"column":14}},"loc":{"start":{"line":4,"column":45},"end":{"line":7,"column":3}}},"1":{"name":"(anonymous_1)","decl":{"start":{"line":9,"column":2},"end":{"line":9,"column":8}},"loc":{"start":{"line":9,"column":8},"end":{"line":11,"column":3}}}},"branchMap":{},"s":{"0":0,"1":0,"2":0,"3":2},"f":{"0":0,"1":0},"b":{}}
,"/Users/jadir/code/culqi/apps/RouteNotFoundError.ts": {"path":"/Users/jadir/code/culqi/apps/RouteNotFoundError.ts","statementMap":{"0":{"start":{"line":3,"column":4},"end":{"line":3,"column":30}},"1":{"start":{"line":1,"column":0},"end":{"line":1,"column":13}}},"fnMap":{"0":{"name":"(anonymous_0)","decl":{"start":{"line":2,"column":2},"end":{"line":2,"column":null}},"loc":{"start":{"line":2,"column":2},"end":{"line":4,"column":3}}}},"branchMap":{},"s":{"0":0,"1":2},"f":{"0":0},"b":{}}
,"/Users/jadir/code/culqi/apps/TokenizationApp.ts": {"path":"/Users/jadir/code/culqi/apps/TokenizationApp.ts","statementMap":{"0":{"start":{"line":1,"column":0},"end":{"line":1,"column":103}},"1":{"start":{"line":2,"column":0},"end":{"line":2,"column":117}},"2":{"start":{"line":3,"column":0},"end":{"line":3,"column":38}},"3":{"start":{"line":9,"column":4},"end":{"line":9,"column":30}},"4":{"start":{"line":13,"column":4},"end":{"line":13,"column":47}},"5":{"start":{"line":17,"column":17},"end":{"line":17,"column":43}},"6":{"start":{"line":18,"column":4},"end":{"line":18,"column":35}},"7":{"start":{"line":19,"column":4},"end":{"line":19,"column":41}},"8":{"start":{"line":20,"column":4},"end":{"line":20,"column":38}},"9":{"start":{"line":24,"column":4},"end":{"line":24,"column":27}},"10":{"start":{"line":25,"column":19},"end":{"line":25,"column":30}},"11":{"start":{"line":27,"column":4},"end":{"line":29,"column":null}},"12":{"start":{"line":28,"column":6},"end":{"line":28,"column":50}},"13":{"start":{"line":31,"column":4},"end":{"line":31,"column":27}},"14":{"start":{"line":35,"column":4},"end":{"line":35,"column":40}},"15":{"start":{"line":39,"column":4},"end":{"line":39,"column":30}},"16":{"start":{"line":40,"column":4},"end":{"line":40,"column":52}},"17":{"start":{"line":41,"column":4},"end":{"line":41,"column":49}},"18":{"start":{"line":42,"column":4},"end":{"line":42,"column":11}},"19":{"start":{"line":46,"column":19},"end":{"line":46,"column":44}},"20":{"start":{"line":48,"column":4},"end":{"line":50,"column":null}},"21":{"start":{"line":49,"column":6},"end":{"line":49,"column":45}},"22":{"start":{"line":52,"column":4},"end":{"line":55,"column":6}},"23":{"start":{"line":59,"column":4},"end":{"line":59,"column":53}},"24":{"start":{"line":63,"column":21},"end":{"line":63,"column":42}},"25":{"start":{"line":65,"column":4},"end":{"line":67,"column":null}},"26":{"start":{"line":66,"column":6},"end":{"line":66,"column":47}},"27":{"start":{"line":69,"column":4},"end":{"line":72,"column":6}},"28":{"start":{"line":76,"column":4},"end":{"line":76,"column":47}},"29":{"start":{"line":5,"column":0},"end":{"line":5,"column":13}}},"fnMap":{"0":{"name":"(anonymous_7)","decl":{"start":{"line":8,"column":2},"end":{"line":8,"column":8}},"loc":{"start":{"line":8,"column":20},"end":{"line":10,"column":3}}},"1":{"name":"(anonymous_8)","decl":{"start":{"line":12,"column":2},"end":{"line":12,"column":8}},"loc":{"start":{"line":12,"column":26},"end":{"line":14,"column":3}}},"2":{"name":"(anonymous_9)","decl":{"start":{"line":16,"column":8},"end":{"line":16,"column":17}},"loc":{"start":{"line":16,"column":17},"end":{"line":21,"column":null}}},"3":{"name":"(anonymous_11)","decl":{"start":{"line":23,"column":8},"end":{"line":23,"column":13}},"loc":{"start":{"line":23,"column":13},"end":{"line":32,"column":null}}},"4":{"name":"(anonymous_13)","decl":{"start":{"line":34,"column":2},"end":{"line":34,"column":6}},"loc":{"start":{"line":34,"column":16},"end":{"line":36,"column":3}}},"5":{"name":"(anonymous_14)","decl":{"start":{"line":38,"column":8},"end":{"line":38,"column":12}},"loc":{"start":{"line":38,"column":12},"end":{"line":43,"column":null}}},"6":{"name":"(anonymous_16)","decl":{"start":{"line":45,"column":8},"end":{"line":45,"column":31}},"loc":{"start":{"line":45,"column":31},"end":{"line":56,"column":null}}},"7":{"name":"(anonymous_18)","decl":{"start":{"line":58,"column":2},"end":{"line":58,"column":8}},"loc":{"start":{"line":58,"column":38},"end":{"line":60,"column":null}}},"8":{"name":"(anonymous_20)","decl":{"start":{"line":62,"column":8},"end":{"line":62,"column":28}},"loc":{"start":{"line":62,"column":28},"end":{"line":73,"column":null}}},"9":{"name":"(anonymous_22)","decl":{"start":{"line":75,"column":2},"end":{"line":75,"column":8}},"loc":{"start":{"line":75,"column":35},"end":{"line":77,"column":null}}}},"branchMap":{"0":{"loc":{"start":{"line":17,"column":17},"end":{"line":17,"column":43}},"type":"binary-expr","locations":[{"start":{"line":17,"column":17},"end":{"line":17,"column":33}},{"start":{"line":17,"column":37},"end":{"line":17,"column":43}}]},"1":{"loc":{"start":{"line":27,"column":4},"end":{"line":29,"column":null}},"type":"if","locations":[{"start":{"line":27,"column":4},"end":{"line":29,"column":null}}]},"2":{"loc":{"start":{"line":35,"column":11},"end":{"line":35,"column":39}},"type":"cond-expr","locations":[{"start":{"line":35,"column":22},"end":{"line":35,"column":24}},{"start":{"line":35,"column":22},"end":{"line":35,"column":39}}]},"3":{"loc":{"start":{"line":35,"column":11},"end":{"line":35,"column":24}},"type":"binary-expr","locations":[{"start":{"line":35,"column":11},"end":{"line":35,"column":24}},{"start":{"line":35,"column":22},"end":{"line":35,"column":24}}]},"4":{"loc":{"start":{"line":39,"column":10},"end":{"line":39,"column":29}},"type":"cond-expr","locations":[{"start":{"line":39,"column":21},"end":{"line":39,"column":23}},{"start":{"line":39,"column":21},"end":{"line":39,"column":29}}]},"5":{"loc":{"start":{"line":39,"column":10},"end":{"line":39,"column":23}},"type":"binary-expr","locations":[{"start":{"line":39,"column":10},"end":{"line":39,"column":23}},{"start":{"line":39,"column":21},"end":{"line":39,"column":23}}]},"6":{"loc":{"start":{"line":48,"column":4},"end":{"line":50,"column":null}},"type":"if","locations":[{"start":{"line":48,"column":4},"end":{"line":50,"column":null}}]},"7":{"loc":{"start":{"line":65,"column":4},"end":{"line":67,"column":null}},"type":"if","locations":[{"start":{"line":65,"column":4},"end":{"line":67,"column":null}}]}},"s":{"0":2,"1":2,"2":2,"3":0,"4":2,"5":2,"6":2,"7":2,"8":2,"9":2,"10":2,"11":2,"12":0,"13":2,"14":2,"15":2,"16":2,"17":2,"18":2,"19":2,"20":2,"21":0,"22":2,"23":2,"24":2,"25":2,"26":0,"27":2,"28":2,"29":2},"f":{"0":0,"1":2,"2":2,"3":2,"4":2,"5":2,"6":2,"7":2,"8":2,"9":2},"b":{"0":[2,0],"1":[0],"2":[0,2],"3":[2,2],"4":[0,2],"5":[2,2],"6":[0],"7":[0]}}
,"/Users/jadir/code/culqi/apps/api/Server.ts": {"path":"/Users/jadir/code/culqi/apps/api/Server.ts","statementMap":{"0":{"start":{"line":1,"column":0},"end":{"line":1,"column":24}},"1":{"start":{"line":2,"column":0},"end":{"line":2,"column":38}},"2":{"start":{"line":9,"column":4},"end":{"line":9,"column":21}},"3":{"start":{"line":13,"column":4},"end":{"line":24,"column":7}},"4":{"start":{"line":14,"column":6},"end":{"line":17,"column":9}},"5":{"start":{"line":14,"column":119},"end":{"line":17,"column":8}},"6":{"start":{"line":15,"column":8},"end":{"line":15,"column":58}},"7":{"start":{"line":16,"column":8},"end":{"line":16,"column":35}},"8":{"start":{"line":19,"column":6},"end":{"line":23,"column":9}},"9":{"start":{"line":20,"column":8},"end":{"line":20,"column":103}},"10":{"start":{"line":21,"column":8},"end":{"line":21,"column":46}},"11":{"start":{"line":22,"column":8},"end":{"line":22,"column":18}},"12":{"start":{"line":28,"column":4},"end":{"line":28,"column":27}},"13":{"start":{"line":32,"column":4},"end":{"line":43,"column":7}},"14":{"start":{"line":33,"column":6},"end":{"line":40,"column":null}},"15":{"start":{"line":34,"column":8},"end":{"line":39,"column":11}},"16":{"start":{"line":35,"column":10},"end":{"line":37,"column":null}},"17":{"start":{"line":36,"column":12},"end":{"line":36,"column":33}},"18":{"start":{"line":38,"column":10},"end":{"line":38,"column":27}},"19":{"start":{"line":42,"column":6},"end":{"line":42,"column":23}},"20":{"start":{"line":4,"column":0},"end":{"line":4,"column":13}}},"fnMap":{"0":{"name":"(anonymous_8)","decl":{"start":{"line":8,"column":2},"end":{"line":8,"column":14}},"loc":{"start":{"line":8,"column":26},"end":{"line":10,"column":3}}},"1":{"name":"(anonymous_9)","decl":{"start":{"line":12,"column":8},"end":{"line":12,"column":14}},"loc":{"start":{"line":12,"column":14},"end":{"line":25,"column":null}}},"2":{"name":"(anonymous_11)","decl":{"start":{"line":13,"column":23},"end":{"line":13,"column":30}},"loc":{"start":{"line":13,"column":33},"end":{"line":24,"column":5}}},"3":{"name":"(anonymous_12)","decl":{"start":{"line":14,"column":42},"end":{"line":14,"column":49}},"loc":{"start":{"line":14,"column":119},"end":{"line":17,"column":8}}},"4":{"name":"(anonymous_13)","decl":{"start":{"line":14,"column":119},"end":{"line":14,"column":null}},"loc":{"start":{"line":14,"column":119},"end":{"line":17,"column":7}}},"5":{"name":"(anonymous_14)","decl":{"start":{"line":19,"column":40},"end":{"line":19,"column":43}},"loc":{"start":{"line":19,"column":45},"end":{"line":23,"column":7}}},"6":{"name":"(anonymous_15)","decl":{"start":{"line":27,"column":2},"end":{"line":27,"column":15}},"loc":{"start":{"line":27,"column":15},"end":{"line":29,"column":3}}},"7":{"name":"(anonymous_16)","decl":{"start":{"line":31,"column":8},"end":{"line":31,"column":12}},"loc":{"start":{"line":31,"column":12},"end":{"line":44,"column":null}}},"8":{"name":"(anonymous_18)","decl":{"start":{"line":32,"column":23},"end":{"line":32,"column":24}},"loc":{"start":{"line":32,"column":43},"end":{"line":43,"column":5}}},"9":{"name":"(anonymous_19)","decl":{"start":{"line":34,"column":30},"end":{"line":34,"column":35}},"loc":{"start":{"line":34,"column":38},"end":{"line":39,"column":9}}}},"branchMap":{"0":{"loc":{"start":{"line":33,"column":6},"end":{"line":40,"column":null}},"type":"if","locations":[{"start":{"line":33,"column":6},"end":{"line":40,"column":null}}]},"1":{"loc":{"start":{"line":35,"column":10},"end":{"line":37,"column":null}},"type":"if","locations":[{"start":{"line":35,"column":10},"end":{"line":37,"column":null}}]}},"s":{"0":2,"1":2,"2":2,"3":2,"4":2,"5":2,"6":2,"7":2,"8":2,"9":2,"10":2,"11":2,"12":2,"13":2,"14":2,"15":2,"16":0,"17":0,"18":0,"19":2,"20":2},"f":{"0":2,"1":2,"2":2,"3":2,"4":2,"5":2,"6":2,"7":2,"8":2,"9":0},"b":{"0":[2],"1":[0]}}
,"/Users/jadir/code/culqi/apps/api/router.ts": {"path":"/Users/jadir/code/culqi/apps/api/router.ts","statementMap":{"0":{"start":{"line":3,"column":0},"end":{"line":3,"column":37}},"1":{"start":{"line":4,"column":0},"end":{"line":4,"column":78}},"2":{"start":{"line":5,"column":0},"end":{"line":5,"column":103}},"3":{"start":{"line":6,"column":0},"end":{"line":6,"column":101}},"4":{"start":{"line":7,"column":0},"end":{"line":7,"column":74}},"5":{"start":{"line":8,"column":0},"end":{"line":8,"column":59}},"6":{"start":{"line":9,"column":0},"end":{"line":9,"column":38}},"7":{"start":{"line":10,"column":0},"end":{"line":10,"column":81}},"8":{"start":{"line":11,"column":0},"end":{"line":11,"column":77}},"9":{"start":{"line":12,"column":0},"end":{"line":12,"column":81}},"10":{"start":{"line":13,"column":0},"end":{"line":13,"column":67}},"11":{"start":{"line":14,"column":0},"end":{"line":14,"column":67}},"12":{"start":{"line":28,"column":28},"end":{"line":76,"column":null}},"13":{"start":{"line":33,"column":67},"end":{"line":50,"column":null}},"14":{"start":{"line":34,"column":26},"end":{"line":34,"column":43}},"15":{"start":{"line":35,"column":34},"end":{"line":35,"column":84}},"16":{"start":{"line":37,"column":28},"end":{"line":37,"column":54}},"17":{"start":{"line":38,"column":36},"end":{"line":40,"column":8}},"18":{"start":{"line":42,"column":6},"end":{"line":42,"column":42}},"19":{"start":{"line":43,"column":6},"end":{"line":47,"column":10}},"20":{"start":{"line":49,"column":6},"end":{"line":49,"column":13}},"21":{"start":{"line":56,"column":67},"end":{"line":74,"column":null}},"22":{"start":{"line":57,"column":19},"end":{"line":57,"column":46}},"23":{"start":{"line":58,"column":20},"end":{"line":58,"column":43}},"24":{"start":{"line":60,"column":28},"end":{"line":60,"column":53}},"25":{"start":{"line":61,"column":36},"end":{"line":61,"column":66}},"26":{"start":{"line":63,"column":25},"end":{"line":63,"column":41}},"27":{"start":{"line":64,"column":33},"end":{"line":64,"column":109}},"28":{"start":{"line":66,"column":6},"end":{"line":66,"column":37}},"29":{"start":{"line":67,"column":6},"end":{"line":71,"column":10}},"30":{"start":{"line":73,"column":6},"end":{"line":73,"column":13}},"31":{"start":{"line":79,"column":2},"end":{"line":86,"column":null}},"32":{"start":{"line":80,"column":4},"end":{"line":80,"column":59}},"33":{"start":{"line":80,"column":50},"end":{"line":80,"column":59}},"34":{"start":{"line":81,"column":4},"end":{"line":81,"column":46}},"35":{"start":{"line":81,"column":37},"end":{"line":81,"column":46}},"36":{"start":{"line":83,"column":4},"end":{"line":83,"column":45}},"37":{"start":{"line":85,"column":4},"end":{"line":85,"column":11}},"38":{"start":{"line":88,"column":2},"end":{"line":88,"column":33}},"39":{"start":{"line":78,"column":0},"end":{"line":78,"column":22}},"40":{"start":{"line":92,"column":2},"end":{"line":133,"column":null}},"41":{"start":{"line":93,"column":4},"end":{"line":93,"column":48}},"42":{"start":{"line":94,"column":24},"end":{"line":94,"column":46}},"43":{"start":{"line":95,"column":21},"end":{"line":95,"column":85}},"44":{"start":{"line":96,"column":4},"end":{"line":96,"column":78}},"45":{"start":{"line":98,"column":4},"end":{"line":109,"column":null}},"46":{"start":{"line":99,"column":6},"end":{"line":99,"column":97}},"47":{"start":{"line":101,"column":6},"end":{"line":101,"column":46}},"48":{"start":{"line":102,"column":6},"end":{"line":106,"column":10}},"49":{"start":{"line":108,"column":6},"end":{"line":108,"column":13}},"50":{"start":{"line":111,"column":4},"end":{"line":122,"column":null}},"51":{"start":{"line":112,"column":6},"end":{"line":112,"column":92}},"52":{"start":{"line":114,"column":6},"end":{"line":114,"column":47}},"53":{"start":{"line":115,"column":6},"end":{"line":119,"column":10}},"54":{"start":{"line":121,"column":6},"end":{"line":121,"column":13}},"55":{"start":{"line":124,"column":4},"end":{"line":124,"column":84}},"56":{"start":{"line":125,"column":4},"end":{"line":125,"column":54}},"57":{"start":{"line":126,"column":4},"end":{"line":132,"column":8}}},"fnMap":{"0":{"name":"(anonymous_8)","decl":{"start":{"line":33,"column":16},"end":{"line":33,"column":23}},"loc":{"start":{"line":33,"column":67},"end":{"line":50,"column":null}}},"1":{"name":"(anonymous_9)","decl":{"start":{"line":33,"column":67},"end":{"line":33,"column":null}},"loc":{"start":{"line":33,"column":67},"end":{"line":50,"column":5}}},"2":{"name":"(anonymous_10)","decl":{"start":{"line":56,"column":16},"end":{"line":56,"column":23}},"loc":{"start":{"line":56,"column":67},"end":{"line":74,"column":null}}},"3":{"name":"(anonymous_11)","decl":{"start":{"line":56,"column":67},"end":{"line":56,"column":null}},"loc":{"start":{"line":56,"column":67},"end":{"line":74,"column":5}}},"4":{"name":"initRouter","decl":{"start":{"line":78,"column":22},"end":{"line":78,"column":32}},"loc":{"start":{"line":78,"column":74},"end":{"line":89,"column":null}}},"5":{"name":"controllerHandler","decl":{"start":{"line":91,"column":15},"end":{"line":91,"column":32}},"loc":{"start":{"line":91,"column":92},"end":{"line":134,"column":null}}}},"branchMap":{"0":{"loc":{"start":{"line":80,"column":4},"end":{"line":80,"column":59}},"type":"if","locations":[{"start":{"line":80,"column":4},"end":{"line":80,"column":59}}]},"1":{"loc":{"start":{"line":81,"column":4},"end":{"line":81,"column":46}},"type":"if","locations":[{"start":{"line":81,"column":4},"end":{"line":81,"column":46}}]},"2":{"loc":{"start":{"line":98,"column":4},"end":{"line":109,"column":null}},"type":"if","locations":[{"start":{"line":98,"column":4},"end":{"line":109,"column":null}}]},"3":{"loc":{"start":{"line":111,"column":4},"end":{"line":122,"column":null}},"type":"if","locations":[{"start":{"line":111,"column":4},"end":{"line":122,"column":null}}]},"4":{"loc":{"start":{"line":128,"column":15},"end":{"line":130,"column":37}},"type":"cond-expr","locations":[{"start":{"line":129,"column":10},"end":{"line":129,"column":23}},{"start":{"line":130,"column":10},"end":{"line":130,"column":37}}]}},"s":{"0":2,"1":2,"2":2,"3":2,"4":2,"5":2,"6":2,"7":2,"8":2,"9":2,"10":2,"11":2,"12":2,"13":1,"14":1,"15":1,"16":1,"17":1,"18":1,"19":1,"20":1,"21":1,"22":1,"23":1,"24":1,"25":1,"26":1,"27":1,"28":1,"29":1,"30":1,"31":2,"32":3,"33":1,"34":2,"35":0,"36":2,"37":2,"38":0,"39":2,"40":2,"41":2,"42":2,"43":2,"44":2,"45":0,"46":0,"47":0,"48":0,"49":0,"50":0,"51":0,"52":0,"53":0,"54":0,"55":0,"56":0,"57":0},"f":{"0":1,"1":1,"2":1,"3":1,"4":2,"5":2},"b":{"0":[1],"1":[0],"2":[0],"3":[0],"4":[0,0]}}
,"/Users/jadir/code/culqi/apps/api/utils.ts": {"path":"/Users/jadir/code/culqi/apps/api/utils.ts","statementMap":{"0":{"start":{"line":1,"column":0},"end":{"line":1,"column":28}},"1":{"start":{"line":5,"column":27},"end":{"line":14,"column":1}},"2":{"start":{"line":6,"column":24},"end":{"line":6,"column":39}},"3":{"start":{"line":8,"column":2},"end":{"line":11,"column":null}},"4":{"start":{"line":9,"column":4},"end":{"line":9,"column":46}},"5":{"start":{"line":10,"column":4},"end":{"line":10,"column":11}},"6":{"start":{"line":13,"column":2},"end":{"line":13,"column":45}},"7":{"start":{"line":5,"column":13},"end":{"line":5,"column":27}},"8":{"start":{"line":16,"column":27},"end":{"line":30,"column":1}},"9":{"start":{"line":17,"column":2},"end":{"line":29,"column":5}},"10":{"start":{"line":18,"column":15},"end":{"line":18,"column":17}},"11":{"start":{"line":19,"column":4},"end":{"line":28,"column":9}},"12":{"start":{"line":21,"column":8},"end":{"line":21,"column":22}},"13":{"start":{"line":24,"column":8},"end":{"line":24,"column":22}},"14":{"start":{"line":27,"column":8},"end":{"line":27,"column":null}},"15":{"start":{"line":16,"column":13},"end":{"line":16,"column":27}}},"fnMap":{"0":{"name":"(anonymous_1)","decl":{"start":{"line":5,"column":27},"end":{"line":5,"column":30}},"loc":{"start":{"line":5,"column":32},"end":{"line":14,"column":1}}},"1":{"name":"(anonymous_2)","decl":{"start":{"line":16,"column":27},"end":{"line":16,"column":28}},"loc":{"start":{"line":16,"column":70},"end":{"line":30,"column":1}}},"2":{"name":"(anonymous_3)","decl":{"start":{"line":17,"column":21},"end":{"line":17,"column":22}},"loc":{"start":{"line":17,"column":41},"end":{"line":29,"column":3}}},"3":{"name":"(anonymous_4)","decl":{"start":{"line":20,"column":18},"end":{"line":20,"column":19}},"loc":{"start":{"line":20,"column":28},"end":{"line":22,"column":7}}},"4":{"name":"(anonymous_5)","decl":{"start":{"line":23,"column":19},"end":{"line":23,"column":20}},"loc":{"start":{"line":23,"column":29},"end":{"line":25,"column":7}}},"5":{"name":"(anonymous_6)","decl":{"start":{"line":26,"column":17},"end":{"line":26,"column":20}},"loc":{"start":{"line":26,"column":22},"end":{"line":28,"column":7}}}},"branchMap":{"0":{"loc":{"start":{"line":8,"column":2},"end":{"line":11,"column":null}},"type":"if","locations":[{"start":{"line":8,"column":2},"end":{"line":11,"column":null}}]}},"s":{"0":2,"1":2,"2":0,"3":0,"4":0,"5":0,"6":0,"7":2,"8":2,"9":2,"10":2,"11":2,"12":2,"13":0,"14":2,"15":2},"f":{"0":0,"1":2,"2":2,"3":2,"4":0,"5":2},"b":{"0":[0]}}
,"/Users/jadir/code/culqi/apps/middlewares/validateClientPk.ts": {"path":"/Users/jadir/code/culqi/apps/middlewares/validateClientPk.ts","statementMap":{"0":{"start":{"line":1,"column":0},"end":{"line":1,"column":67}},"1":{"start":{"line":2,"column":0},"end":{"line":2,"column":39}},"2":{"start":{"line":4,"column":32},"end":{"line":20,"column":1}},"3":{"start":{"line":5,"column":2},"end":{"line":7,"column":null}},"4":{"start":{"line":6,"column":4},"end":{"line":6,"column":39}},"5":{"start":{"line":9,"column":18},"end":{"line":9,"column":44}},"6":{"start":{"line":10,"column":19},"end":{"line":10,"column":68}},"7":{"start":{"line":11,"column":2},"end":{"line":13,"column":null}},"8":{"start":{"line":12,"column":4},"end":{"line":12,"column":39}},"9":{"start":{"line":15,"column":20},"end":{"line":15,"column":49}},"10":{"start":{"line":17,"column":2},"end":{"line":19,"column":null}},"11":{"start":{"line":18,"column":4},"end":{"line":18,"column":39}},"12":{"start":{"line":4,"column":13},"end":{"line":4,"column":32}}},"fnMap":{"0":{"name":"(anonymous_0)","decl":{"start":{"line":4,"column":32},"end":{"line":4,"column":33}},"loc":{"start":{"line":4,"column":70},"end":{"line":20,"column":1}}}},"branchMap":{"0":{"loc":{"start":{"line":5,"column":2},"end":{"line":7,"column":null}},"type":"if","locations":[{"start":{"line":5,"column":2},"end":{"line":7,"column":null}}]},"1":{"loc":{"start":{"line":11,"column":2},"end":{"line":13,"column":null}},"type":"if","locations":[{"start":{"line":11,"column":2},"end":{"line":13,"column":null}}]},"2":{"loc":{"start":{"line":17,"column":2},"end":{"line":19,"column":null}},"type":"if","locations":[{"start":{"line":17,"column":2},"end":{"line":19,"column":null}}]},"3":{"loc":{"start":{"line":17,"column":6},"end":{"line":17,"column":48}},"type":"binary-expr","locations":[{"start":{"line":17,"column":6},"end":{"line":17,"column":24}},{"start":{"line":17,"column":28},"end":{"line":17,"column":48}}]}},"s":{"0":2,"1":2,"2":2,"3":2,"4":0,"5":2,"6":2,"7":2,"8":0,"9":2,"10":2,"11":0,"12":2},"f":{"0":2},"b":{"0":[0],"1":[0],"2":[0],"3":[2,2]}}
,"/Users/jadir/code/culqi/apps/middlewares/validateRequestSchema.ts": {"path":"/Users/jadir/code/culqi/apps/middlewares/validateRequestSchema.ts","statementMap":{"0":{"start":{"line":2,"column":0},"end":{"line":2,"column":81}},"1":{"start":{"line":4,"column":37},"end":{"line":13,"column":1}},"2":{"start":{"line":5,"column":17},"end":{"line":5,"column":39}},"3":{"start":{"line":7,"column":2},"end":{"line":10,"column":null}},"4":{"start":{"line":8,"column":19},"end":{"line":8,"column":66}},"5":{"start":{"line":9,"column":4},"end":{"line":9,"column":52}},"6":{"start":{"line":12,"column":2},"end":{"line":12,"column":21}},"7":{"start":{"line":4,"column":13},"end":{"line":4,"column":37}}},"fnMap":{"0":{"name":"(anonymous_0)","decl":{"start":{"line":4,"column":37},"end":{"line":4,"column":38}},"loc":{"start":{"line":4,"column":101},"end":{"line":13,"column":1}}}},"branchMap":{"0":{"loc":{"start":{"line":7,"column":2},"end":{"line":10,"column":null}},"type":"if","locations":[{"start":{"line":7,"column":2},"end":{"line":10,"column":null}}]}},"s":{"0":2,"1":2,"2":2,"3":2,"4":0,"5":0,"6":2,"7":2},"f":{"0":2},"b":{"0":[0]}}
,"/Users/jadir/code/culqi/apps/schemas/index.ts": {"path":"/Users/jadir/code/culqi/apps/schemas/index.ts","statementMap":{"0":{"start":{"line":1,"column":0},"end":{"line":1,"column":24}},"1":{"start":{"line":2,"column":0},"end":{"line":2,"column":24}},"2":{"start":{"line":4,"column":13},"end":{"line":4,"column":79}},"3":{"start":{"line":5,"column":13},"end":{"line":7,"column":3}},"4":{"start":{"line":5,"column":76},"end":{"line":5,"column":94}},"5":{"start":{"line":9,"column":12},"end":{"line":9,"column":22}},"6":{"start":{"line":10,"column":23},"end":{"line":10,"column":43}},"7":{"start":{"line":11,"column":24},"end":{"line":11,"column":45}},"8":{"start":{"line":12,"column":21},"end":{"line":12,"column":55}},"9":{"start":{"line":14,"column":13},"end":{"line":34,"column":5}},"10":{"start":{"line":27,"column":4},"end":{"line":33,"column":null}},"11":{"start":{"line":28,"column":6},"end":{"line":32,"column":9}},"12":{"start":{"line":36,"column":13},"end":{"line":38,"column":12}}},"fnMap":{"0":{"name":"(anonymous_1)","decl":{"start":{"line":5,"column":67},"end":{"line":5,"column":68}},"loc":{"start":{"line":5,"column":76},"end":{"line":5,"column":94}}},"1":{"name":"(anonymous_2)","decl":{"start":{"line":26,"column":15},"end":{"line":26,"column":16}},"loc":{"start":{"line":26,"column":35},"end":{"line":34,"column":3}}}},"branchMap":{"0":{"loc":{"start":{"line":27,"column":4},"end":{"line":33,"column":null}},"type":"if","locations":[{"start":{"line":27,"column":4},"end":{"line":33,"column":null}}]},"1":{"loc":{"start":{"line":27,"column":8},"end":{"line":27,"column":94}},"type":"binary-expr","locations":[{"start":{"line":27,"column":8},"end":{"line":27,"column":49}},{"start":{"line":27,"column":53},"end":{"line":27,"column":94}}]}},"s":{"0":2,"1":2,"2":2,"3":2,"4":1,"5":2,"6":2,"7":2,"8":2,"9":2,"10":1,"11":0,"12":2},"f":{"0":1,"1":1},"b":{"0":[0],"1":[1,0]}}
,"/Users/jadir/code/culqi/src/card/application/finder/CardFinder.ts": {"path":"/Users/jadir/code/culqi/src/card/application/finder/CardFinder.ts","statementMap":{"0":{"start":{"line":1,"column":0},"end":{"line":1,"column":59}},"1":{"start":{"line":3,"column":0},"end":{"line":3,"column":91}},"2":{"start":{"line":4,"column":0},"end":{"line":4,"column":54}},"3":{"start":{"line":10,"column":4},"end":{"line":10,"column":55}},"4":{"start":{"line":14,"column":17},"end":{"line":14,"column":63}},"5":{"start":{"line":16,"column":4},"end":{"line":18,"column":null}},"6":{"start":{"line":17,"column":6},"end":{"line":17,"column":38}},"7":{"start":{"line":20,"column":4},"end":{"line":20,"column":38}},"8":{"start":{"line":6,"column":0},"end":{"line":6,"column":13}}},"fnMap":{"0":{"name":"(anonymous_7)","decl":{"start":{"line":9,"column":2},"end":{"line":9,"column":null}},"loc":{"start":{"line":9,"column":2},"end":{"line":11,"column":3}}},"1":{"name":"(anonymous_8)","decl":{"start":{"line":13,"column":8},"end":{"line":13,"column":11}},"loc":{"start":{"line":13,"column":26},"end":{"line":21,"column":null}}}},"branchMap":{"0":{"loc":{"start":{"line":16,"column":4},"end":{"line":18,"column":null}},"type":"if","locations":[{"start":{"line":16,"column":4},"end":{"line":18,"column":null}}]}},"s":{"0":2,"1":2,"2":2,"3":1,"4":1,"5":1,"6":0,"7":1,"8":2},"f":{"0":1,"1":1},"b":{"0":[0]}}
,"/Users/jadir/code/culqi/src/card/application/finder/FindCardResponse.ts": {"path":"/Users/jadir/code/culqi/src/card/application/finder/FindCardResponse.ts","statementMap":{"0":{"start":{"line":4,"column":22},"end":{"line":4,"column":32}},"1":{"start":{"line":8,"column":4},"end":{"line":13,"column":6}},"2":{"start":{"line":3,"column":0},"end":{"line":3,"column":13}}},"fnMap":{"0":{"name":"(anonymous_0)","decl":{"start":{"line":4,"column":2},"end":{"line":4,"column":22}},"loc":{"start":{"line":4,"column":32},"end":{"line":5,"column":3}}},"1":{"name":"(anonymous_1)","decl":{"start":{"line":7,"column":2},"end":{"line":7,"column":14}},"loc":{"start":{"line":7,"column":14},"end":{"line":14,"column":3}}}},"branchMap":{},"s":{"0":1,"1":1,"2":2},"f":{"0":1,"1":1},"b":{}}
,"/Users/jadir/code/culqi/src/card/application/register/CardCreator.ts": {"path":"/Users/jadir/code/culqi/src/card/application/register/CardCreator.ts","statementMap":{"0":{"start":{"line":1,"column":0},"end":{"line":1,"column":51}},"1":{"start":{"line":2,"column":0},"end":{"line":2,"column":41}},"2":{"start":{"line":4,"column":0},"end":{"line":4,"column":91}},"3":{"start":{"line":6,"column":0},"end":{"line":6,"column":58}},"4":{"start":{"line":12,"column":4},"end":{"line":12,"column":55}},"5":{"start":{"line":16,"column":17},"end":{"line":24,"column":null}},"6":{"start":{"line":27,"column":4},"end":{"line":27,"column":42}},"7":{"start":{"line":29,"column":4},"end":{"line":35,"column":6}},"8":{"start":{"line":8,"column":0},"end":{"line":8,"column":13}}},"fnMap":{"0":{"name":"(anonymous_7)","decl":{"start":{"line":11,"column":2},"end":{"line":11,"column":null}},"loc":{"start":{"line":11,"column":2},"end":{"line":13,"column":3}}},"1":{"name":"(anonymous_8)","decl":{"start":{"line":15,"column":8},"end":{"line":15,"column":11}},"loc":{"start":{"line":15,"column":38},"end":{"line":36,"column":null}}}},"branchMap":{},"s":{"0":2,"1":2,"2":2,"3":2,"4":2,"5":2,"6":2,"7":2,"8":2},"f":{"0":2,"1":2},"b":{}}
,"/Users/jadir/code/culqi/src/card/application/register/CreateCardResponse.ts": {"path":"/Users/jadir/code/culqi/src/card/application/register/CreateCardResponse.ts","statementMap":{"0":{"start":{"line":15,"column":4},"end":{"line":15,"column":25}},"1":{"start":{"line":16,"column":4},"end":{"line":16,"column":33}},"2":{"start":{"line":17,"column":4},"end":{"line":17,"column":43}},"3":{"start":{"line":18,"column":4},"end":{"line":18,"column":41}},"4":{"start":{"line":19,"column":4},"end":{"line":19,"column":23}},"5":{"start":{"line":23,"column":4},"end":{"line":29,"column":null}},"6":{"start":{"line":1,"column":0},"end":{"line":1,"column":13}}},"fnMap":{"0":{"name":"(anonymous_0)","decl":{"start":{"line":8,"column":2},"end":{"line":8,"column":null}},"loc":{"start":{"line":13,"column":17},"end":{"line":20,"column":3}}},"1":{"name":"(anonymous_1)","decl":{"start":{"line":22,"column":2},"end":{"line":22,"column":14}},"loc":{"start":{"line":22,"column":14},"end":{"line":30,"column":3}}}},"branchMap":{},"s":{"0":2,"1":2,"2":2,"3":2,"4":2,"5":1,"6":2},"f":{"0":2,"1":1},"b":{}}
,"/Users/jadir/code/culqi/src/card/domain/Card.ts": {"path":"/Users/jadir/code/culqi/src/card/domain/Card.ts","statementMap":{"0":{"start":{"line":1,"column":0},"end":{"line":1,"column":56}},"1":{"start":{"line":34,"column":4},"end":{"line":34,"column":12}},"2":{"start":{"line":35,"column":4},"end":{"line":35,"column":17}},"3":{"start":{"line":36,"column":4},"end":{"line":36,"column":33}},"4":{"start":{"line":37,"column":4},"end":{"line":37,"column":19}},"5":{"start":{"line":38,"column":4},"end":{"line":38,"column":43}},"6":{"start":{"line":39,"column":4},"end":{"line":39,"column":41}},"7":{"start":{"line":40,"column":4},"end":{"line":40,"column":23}},"8":{"start":{"line":41,"column":4},"end":{"line":41,"column":31}},"9":{"start":{"line":42,"column":4},"end":{"line":42,"column":31}},"10":{"start":{"line":55,"column":4},"end":{"line":64,"column":6}},"11":{"start":{"line":68,"column":4},"end":{"line":77,"column":6}},"12":{"start":{"line":81,"column":4},"end":{"line":90,"column":6}},"13":{"start":{"line":14,"column":0},"end":{"line":14,"column":13}}},"fnMap":{"0":{"name":"(anonymous_1)","decl":{"start":{"line":24,"column":2},"end":{"line":24,"column":null}},"loc":{"start":{"line":32,"column":19},"end":{"line":43,"column":3}}},"1":{"name":"(anonymous_2)","decl":{"start":{"line":45,"column":2},"end":{"line":45,"column":8}},"loc":{"start":{"line":53,"column":19},"end":{"line":65,"column":3}}},"2":{"name":"(anonymous_3)","decl":{"start":{"line":67,"column":2},"end":{"line":67,"column":8}},"loc":{"start":{"line":67,"column":50},"end":{"line":78,"column":3}}},"3":{"name":"(anonymous_4)","decl":{"start":{"line":80,"column":2},"end":{"line":80,"column":14}},"loc":{"start":{"line":80,"column":14},"end":{"line":91,"column":3}}}},"branchMap":{},"s":{"0":2,"1":3,"2":3,"3":3,"4":3,"5":3,"6":3,"7":3,"8":3,"9":3,"10":2,"11":1,"12":2,"13":2},"f":{"0":3,"1":2,"2":1,"3":2},"b":{}}
,"/Users/jadir/code/culqi/src/card/domain/CardNotExists.ts": {"path":"/Users/jadir/code/culqi/src/card/domain/CardNotExists.ts","statementMap":{"0":{"start":{"line":1,"column":0},"end":{"line":1,"column":62}},"1":{"start":{"line":5,"column":4},"end":{"line":5,"column":50}},"2":{"start":{"line":9,"column":4},"end":{"line":9,"column":29}},"3":{"start":{"line":3,"column":0},"end":{"line":3,"column":13}}},"fnMap":{"0":{"name":"(anonymous_0)","decl":{"start":{"line":4,"column":2},"end":{"line":4,"column":14}},"loc":{"start":{"line":4,"column":28},"end":{"line":6,"column":3}}},"1":{"name":"(anonymous_1)","decl":{"start":{"line":8,"column":2},"end":{"line":8,"column":12}},"loc":{"start":{"line":8,"column":12},"end":{"line":10,"column":3}}}},"branchMap":{},"s":{"0":2,"1":0,"2":0,"3":2},"f":{"0":0,"1":0},"b":{}}
,"/Users/jadir/code/culqi/src/card/infrastructure/typeorm/CardTypeOrmRepository.ts": {"path":"/Users/jadir/code/culqi/src/card/infrastructure/typeorm/CardTypeOrmRepository.ts","statementMap":{"0":{"start":{"line":1,"column":0},"end":{"line":1,"column":67}},"1":{"start":{"line":3,"column":0},"end":{"line":3,"column":105}},"2":{"start":{"line":4,"column":0},"end":{"line":4,"column":57}},"3":{"start":{"line":11,"column":4},"end":{"line":11,"column":12}},"4":{"start":{"line":12,"column":4},"end":{"line":12,"column":91}},"5":{"start":{"line":16,"column":4},"end":{"line":16,"column":24}},"6":{"start":{"line":20,"column":17},"end":{"line":20,"column":36}},"7":{"start":{"line":22,"column":4},"end":{"line":26,"column":7}},"8":{"start":{"line":30,"column":19},"end":{"line":30,"column":60}},"9":{"start":{"line":32,"column":4},"end":{"line":36,"column":32}},"10":{"start":{"line":7,"column":0},"end":{"line":7,"column":13}}},"fnMap":{"0":{"name":"(anonymous_7)","decl":{"start":{"line":10,"column":2},"end":{"line":10,"column":null}},"loc":{"start":{"line":10,"column":2},"end":{"line":13,"column":3}}},"1":{"name":"(anonymous_8)","decl":{"start":{"line":15,"column":12},"end":{"line":15,"column":24}},"loc":{"start":{"line":15,"column":24},"end":{"line":17,"column":3}}},"2":{"name":"(anonymous_9)","decl":{"start":{"line":19,"column":15},"end":{"line":19,"column":19}},"loc":{"start":{"line":19,"column":30},"end":{"line":27,"column":null}}},"3":{"name":"(anonymous_11)","decl":{"start":{"line":29,"column":15},"end":{"line":29,"column":26}},"loc":{"start":{"line":29,"column":37},"end":{"line":37,"column":null}}}},"branchMap":{"0":{"loc":{"start":{"line":32,"column":11},"end":{"line":36,"column":31}},"type":"cond-expr","locations":[{"start":{"line":32,"column":20},"end":{"line":36,"column":24}},{"start":{"line":36,"column":27},"end":{"line":36,"column":31}}]}},"s":{"0":2,"1":2,"2":2,"3":3,"4":3,"5":3,"6":2,"7":2,"8":1,"9":1,"10":2},"f":{"0":3,"1":3,"2":2,"3":1},"b":{"0":[1,0]}}
,"/Users/jadir/code/culqi/src/cardTokenizer/application/create/CardTokenizerCreator.ts": {"path":"/Users/jadir/code/culqi/src/cardTokenizer/application/create/CardTokenizerCreator.ts","statementMap":{"0":{"start":{"line":1,"column":0},"end":{"line":1,"column":86}},"1":{"start":{"line":2,"column":0},"end":{"line":2,"column":51}},"2":{"start":{"line":3,"column":0},"end":{"line":3,"column":59}},"3":{"start":{"line":5,"column":0},"end":{"line":5,"column":105}},"4":{"start":{"line":7,"column":0},"end":{"line":7,"column":76}},"5":{"start":{"line":13,"column":4},"end":{"line":13,"column":72}},"6":{"start":{"line":17,"column":18},"end":{"line":17,"column":80}},"7":{"start":{"line":19,"column":26},"end":{"line":25,"column":null}},"8":{"start":{"line":28,"column":4},"end":{"line":28,"column":64}},"9":{"start":{"line":30,"column":4},"end":{"line":30,"column":50}},"10":{"start":{"line":9,"column":0},"end":{"line":9,"column":13}}},"fnMap":{"0":{"name":"(anonymous_7)","decl":{"start":{"line":12,"column":2},"end":{"line":12,"column":null}},"loc":{"start":{"line":12,"column":2},"end":{"line":14,"column":3}}},"1":{"name":"(anonymous_8)","decl":{"start":{"line":16,"column":8},"end":{"line":16,"column":11}},"loc":{"start":{"line":16,"column":47},"end":{"line":31,"column":null}}}},"branchMap":{},"s":{"0":2,"1":2,"2":2,"3":2,"4":2,"5":2,"6":2,"7":2,"8":2,"9":2,"10":2},"f":{"0":2,"1":2},"b":{}}
,"/Users/jadir/code/culqi/src/cardTokenizer/application/create/CreateCardTokenizerResponse.ts": {"path":"/Users/jadir/code/culqi/src/cardTokenizer/application/create/CreateCardTokenizerResponse.ts","statementMap":{"0":{"start":{"line":2,"column":23},"end":{"line":2,"column":36}},"1":{"start":{"line":6,"column":4},"end":{"line":8,"column":null}},"2":{"start":{"line":1,"column":0},"end":{"line":1,"column":13}}},"fnMap":{"0":{"name":"(anonymous_0)","decl":{"start":{"line":2,"column":2},"end":{"line":2,"column":23}},"loc":{"start":{"line":2,"column":36},"end":{"line":3,"column":3}}},"1":{"name":"(anonymous_1)","decl":{"start":{"line":5,"column":2},"end":{"line":5,"column":14}},"loc":{"start":{"line":5,"column":14},"end":{"line":9,"column":3}}}},"branchMap":{},"s":{"0":2,"1":1,"2":2},"f":{"0":2,"1":1},"b":{}}
,"/Users/jadir/code/culqi/src/cardTokenizer/application/finder/CardTokenizerFinder.ts": {"path":"/Users/jadir/code/culqi/src/cardTokenizer/application/finder/CardTokenizerFinder.ts","statementMap":{"0":{"start":{"line":1,"column":0},"end":{"line":1,"column":85}},"1":{"start":{"line":3,"column":0},"end":{"line":3,"column":105}},"2":{"start":{"line":4,"column":0},"end":{"line":4,"column":72}},"3":{"start":{"line":10,"column":4},"end":{"line":10,"column":72}},"4":{"start":{"line":14,"column":19},"end":{"line":14,"column":79}},"5":{"start":{"line":16,"column":4},"end":{"line":18,"column":null}},"6":{"start":{"line":17,"column":6},"end":{"line":17,"column":45}},"7":{"start":{"line":20,"column":4},"end":{"line":20,"column":56}},"8":{"start":{"line":6,"column":0},"end":{"line":6,"column":13}}},"fnMap":{"0":{"name":"(anonymous_7)","decl":{"start":{"line":9,"column":2},"end":{"line":9,"column":null}},"loc":{"start":{"line":9,"column":2},"end":{"line":11,"column":3}}},"1":{"name":"(anonymous_8)","decl":{"start":{"line":13,"column":8},"end":{"line":13,"column":11}},"loc":{"start":{"line":13,"column":25},"end":{"line":21,"column":null}}}},"branchMap":{"0":{"loc":{"start":{"line":16,"column":4},"end":{"line":18,"column":null}},"type":"if","locations":[{"start":{"line":16,"column":4},"end":{"line":18,"column":null}}]}},"s":{"0":2,"1":2,"2":2,"3":1,"4":1,"5":1,"6":0,"7":1,"8":2},"f":{"0":1,"1":1},"b":{"0":[0]}}
,"/Users/jadir/code/culqi/src/cardTokenizer/application/finder/FindCardTokenizerResponse.ts": {"path":"/Users/jadir/code/culqi/src/cardTokenizer/application/finder/FindCardTokenizerResponse.ts","statementMap":{"0":{"start":{"line":2,"column":22},"end":{"line":2,"column":35}},"1":{"start":{"line":2,"column":45},"end":{"line":2,"column":59}},"2":{"start":{"line":6,"column":4},"end":{"line":9,"column":6}},"3":{"start":{"line":1,"column":0},"end":{"line":1,"column":13}}},"fnMap":{"0":{"name":"(anonymous_0)","decl":{"start":{"line":2,"column":2},"end":{"line":2,"column":22}},"loc":{"start":{"line":2,"column":59},"end":{"line":3,"column":3}}},"1":{"name":"(anonymous_1)","decl":{"start":{"line":5,"column":2},"end":{"line":5,"column":14}},"loc":{"start":{"line":5,"column":14},"end":{"line":10,"column":3}}}},"branchMap":{},"s":{"0":1,"1":1,"2":1,"3":2},"f":{"0":1,"1":1},"b":{}}
,"/Users/jadir/code/culqi/src/cardTokenizer/domain/CardTokenizer.ts": {"path":"/Users/jadir/code/culqi/src/cardTokenizer/domain/CardTokenizer.ts","statementMap":{"0":{"start":{"line":1,"column":0},"end":{"line":1,"column":56}},"1":{"start":{"line":25,"column":4},"end":{"line":25,"column":12}},"2":{"start":{"line":26,"column":4},"end":{"line":26,"column":17}},"3":{"start":{"line":27,"column":4},"end":{"line":27,"column":25}},"4":{"start":{"line":28,"column":4},"end":{"line":28,"column":23}},"5":{"start":{"line":29,"column":4},"end":{"line":29,"column":37}},"6":{"start":{"line":30,"column":4},"end":{"line":30,"column":31}},"7":{"start":{"line":40,"column":4},"end":{"line":46,"column":6}},"8":{"start":{"line":50,"column":4},"end":{"line":56,"column":6}},"9":{"start":{"line":60,"column":4},"end":{"line":66,"column":6}},"10":{"start":{"line":11,"column":0},"end":{"line":11,"column":13}}},"fnMap":{"0":{"name":"(anonymous_1)","decl":{"start":{"line":18,"column":2},"end":{"line":18,"column":null}},"loc":{"start":{"line":23,"column":19},"end":{"line":31,"column":3}}},"1":{"name":"(anonymous_2)","decl":{"start":{"line":33,"column":2},"end":{"line":33,"column":8}},"loc":{"start":{"line":38,"column":19},"end":{"line":47,"column":3}}},"2":{"name":"(anonymous_3)","decl":{"start":{"line":49,"column":2},"end":{"line":49,"column":8}},"loc":{"start":{"line":49,"column":59},"end":{"line":57,"column":3}}},"3":{"name":"(anonymous_4)","decl":{"start":{"line":59,"column":2},"end":{"line":59,"column":14}},"loc":{"start":{"line":59,"column":14},"end":{"line":67,"column":3}}}},"branchMap":{},"s":{"0":2,"1":2,"2":2,"3":2,"4":2,"5":2,"6":2,"7":2,"8":0,"9":0,"10":2},"f":{"0":2,"1":2,"2":0,"3":0},"b":{}}
,"/Users/jadir/code/culqi/src/cardTokenizer/domain/CardTokenizerTokenNotValid.ts": {"path":"/Users/jadir/code/culqi/src/cardTokenizer/domain/CardTokenizerTokenNotValid.ts","statementMap":{"0":{"start":{"line":1,"column":0},"end":{"line":1,"column":62}},"1":{"start":{"line":5,"column":4},"end":{"line":5,"column":47}},"2":{"start":{"line":9,"column":4},"end":{"line":9,"column":34}},"3":{"start":{"line":3,"column":0},"end":{"line":3,"column":13}}},"fnMap":{"0":{"name":"(anonymous_0)","decl":{"start":{"line":4,"column":2},"end":{"line":4,"column":null}},"loc":{"start":{"line":4,"column":2},"end":{"line":6,"column":3}}},"1":{"name":"(anonymous_1)","decl":{"start":{"line":8,"column":2},"end":{"line":8,"column":12}},"loc":{"start":{"line":8,"column":12},"end":{"line":10,"column":3}}}},"branchMap":{},"s":{"0":2,"1":0,"2":0,"3":2},"f":{"0":0,"1":0},"b":{}}
,"/Users/jadir/code/culqi/src/cardTokenizer/infrastructure/redis/CardTokernizerRedisRepository.ts": {"path":"/Users/jadir/code/culqi/src/cardTokenizer/infrastructure/redis/CardTokernizerRedisRepository.ts","statementMap":{"0":{"start":{"line":2,"column":0},"end":{"line":2,"column":99}},"1":{"start":{"line":8,"column":4},"end":{"line":8,"column":28}},"2":{"start":{"line":12,"column":4},"end":{"line":16,"column":6}},"3":{"start":{"line":20,"column":4},"end":{"line":20,"column":30}},"4":{"start":{"line":24,"column":4},"end":{"line":24,"column":33}},"5":{"start":{"line":28,"column":4},"end":{"line":28,"column":37}},"6":{"start":{"line":6,"column":0},"end":{"line":6,"column":13}}},"fnMap":{"0":{"name":"(anonymous_7)","decl":{"start":{"line":7,"column":12},"end":{"line":7,"column":21}},"loc":{"start":{"line":7,"column":21},"end":{"line":9,"column":3}}},"1":{"name":"(anonymous_8)","decl":{"start":{"line":11,"column":8},"end":{"line":11,"column":16}},"loc":{"start":{"line":11,"column":45},"end":{"line":17,"column":null}}},"2":{"name":"(anonymous_10)","decl":{"start":{"line":19,"column":8},"end":{"line":19,"column":14}},"loc":{"start":{"line":19,"column":29},"end":{"line":21,"column":null}}},"3":{"name":"(anonymous_12)","decl":{"start":{"line":23,"column":8},"end":{"line":23,"column":25}},"loc":{"start":{"line":23,"column":39},"end":{"line":25,"column":null}}},"4":{"name":"(anonymous_14)","decl":{"start":{"line":27,"column":8},"end":{"line":27,"column":21}},"loc":{"start":{"line":27,"column":36},"end":{"line":29,"column":null}}}},"branchMap":{},"s":{"0":2,"1":3,"2":2,"3":0,"4":1,"5":0,"6":2},"f":{"0":3,"1":2,"2":0,"3":1,"4":0},"b":{}}
,"/Users/jadir/code/culqi/src/shared/domain/BaseEntity.ts": {"path":"/Users/jadir/code/culqi/src/shared/domain/BaseEntity.ts","statementMap":{"0":{"start":{"line":1,"column":0},"end":{"line":1,"column":30}}},"fnMap":{},"branchMap":{},"s":{"0":2},"f":{},"b":{}}
,"/Users/jadir/code/culqi/src/shared/domain/CryptManager.ts": {"path":"/Users/jadir/code/culqi/src/shared/domain/CryptManager.ts","statementMap":{"0":{"start":{"line":1,"column":0},"end":{"line":1,"column":33}},"1":{"start":{"line":2,"column":0},"end":{"line":2,"column":62}},"2":{"start":{"line":10,"column":4},"end":{"line":12,"column":28}},"3":{"start":{"line":16,"column":4},"end":{"line":18,"column":null}},"4":{"start":{"line":17,"column":6},"end":{"line":17,"column":56}},"5":{"start":{"line":19,"column":4},"end":{"line":19,"column":16}},"6":{"start":{"line":23,"column":4},"end":{"line":23,"column":18}},"7":{"start":{"line":24,"column":4},"end":{"line":24,"column":16}},"8":{"start":{"line":28,"column":4},"end":{"line":30,"column":null}},"9":{"start":{"line":29,"column":6},"end":{"line":29,"column":58}},"10":{"start":{"line":31,"column":4},"end":{"line":31,"column":16}},"11":{"start":{"line":35,"column":4},"end":{"line":35,"column":22}},"12":{"start":{"line":36,"column":4},"end":{"line":36,"column":16}},"13":{"start":{"line":40,"column":4},"end":{"line":40,"column":40}},"14":{"start":{"line":41,"column":4},"end":{"line":41,"column":16}},"15":{"start":{"line":45,"column":4},"end":{"line":45,"column":40}},"16":{"start":{"line":47,"column":4},"end":{"line":62,"column":null}},"17":{"start":{"line":48,"column":38},"end":{"line":48,"column":44}},"18":{"start":{"line":49,"column":25},"end":{"line":49,"column":70}},"19":{"start":{"line":50,"column":24},"end":{"line":54,"column":8}},"20":{"start":{"line":56,"column":31},"end":{"line":56,"column":97}},"21":{"start":{"line":58,"column":6},"end":{"line":58,"column":30}},"22":{"start":{"line":60,"column":27},"end":{"line":60,"column":119}},"23":{"start":{"line":61,"column":6},"end":{"line":61,"column":51}},"24":{"start":{"line":66,"column":4},"end":{"line":66,"column":40}},"25":{"start":{"line":68,"column":4},"end":{"line":101,"column":null}},"26":{"start":{"line":69,"column":38},"end":{"line":69,"column":44}},"27":{"start":{"line":71,"column":19},"end":{"line":72,"column":null}},"28":{"start":{"line":74,"column":6},"end":{"line":74,"column":25}},"29":{"start":{"line":75,"column":6},"end":{"line":75,"column":48}},"30":{"start":{"line":77,"column":17},"end":{"line":78,"column":null}},"31":{"start":{"line":80,"column":6},"end":{"line":80,"column":21}},"32":{"start":{"line":81,"column":6},"end":{"line":81,"column":46}},"33":{"start":{"line":83,"column":24},"end":{"line":83,"column":80}},"34":{"start":{"line":84,"column":25},"end":{"line":84,"column":70}},"35":{"start":{"line":85,"column":24},"end":{"line":89,"column":8}},"36":{"start":{"line":91,"column":31},"end":{"line":91,"column":68}},"37":{"start":{"line":93,"column":6},"end":{"line":95,"column":null}},"38":{"start":{"line":94,"column":8},"end":{"line":94,"column":78}},"39":{"start":{"line":97,"column":6},"end":{"line":97,"column":30}},"40":{"start":{"line":99,"column":27},"end":{"line":99,"column":119}},"41":{"start":{"line":100,"column":6},"end":{"line":100,"column":51}},"42":{"start":{"line":105,"column":4},"end":{"line":107,"column":null}},"43":{"start":{"line":106,"column":6},"end":{"line":106,"column":82}},"44":{"start":{"line":111,"column":4},"end":{"line":113,"column":null}},"45":{"start":{"line":112,"column":6},"end":{"line":112,"column":72}},"46":{"start":{"line":117,"column":4},"end":{"line":117,"column":40}},"47":{"start":{"line":118,"column":4},"end":{"line":118,"column":31}},"48":{"start":{"line":120,"column":4},"end":{"line":124,"column":7}},"49":{"start":{"line":4,"column":0},"end":{"line":4,"column":13}}},"fnMap":{"0":{"name":"(anonymous_1)","decl":{"start":{"line":9,"column":2},"end":{"line":9,"column":8}},"loc":{"start":{"line":9,"column":14},"end":{"line":13,"column":3}}},"1":{"name":"(anonymous_2)","decl":{"start":{"line":15,"column":2},"end":{"line":15,"column":18}},"loc":{"start":{"line":15,"column":18},"end":{"line":20,"column":3}}},"2":{"name":"(anonymous_3)","decl":{"start":{"line":22,"column":2},"end":{"line":22,"column":7}},"loc":{"start":{"line":22,"column":34},"end":{"line":25,"column":3}}},"3":{"name":"(anonymous_4)","decl":{"start":{"line":27,"column":2},"end":{"line":27,"column":20}},"loc":{"start":{"line":27,"column":20},"end":{"line":32,"column":3}}},"4":{"name":"(anonymous_5)","decl":{"start":{"line":34,"column":2},"end":{"line":34,"column":9}},"loc":{"start":{"line":34,"column":38},"end":{"line":37,"column":3}}},"5":{"name":"(anonymous_6)","decl":{"start":{"line":39,"column":2},"end":{"line":39,"column":18}},"loc":{"start":{"line":39,"column":40},"end":{"line":42,"column":3}}},"6":{"name":"(anonymous_7)","decl":{"start":{"line":44,"column":2},"end":{"line":44,"column":12}},"loc":{"start":{"line":44,"column":72},"end":{"line":63,"column":3}}},"7":{"name":"(anonymous_8)","decl":{"start":{"line":65,"column":2},"end":{"line":65,"column":12}},"loc":{"start":{"line":65,"column":79},"end":{"line":102,"column":3}}},"8":{"name":"(anonymous_9)","decl":{"start":{"line":104,"column":2},"end":{"line":104,"column":30}},"loc":{"start":{"line":104,"column":30},"end":{"line":108,"column":3}}},"9":{"name":"(anonymous_10)","decl":{"start":{"line":110,"column":2},"end":{"line":110,"column":21}},"loc":{"start":{"line":110,"column":21},"end":{"line":114,"column":3}}},"10":{"name":"(anonymous_11)","decl":{"start":{"line":116,"column":2},"end":{"line":116,"column":21}},"loc":{"start":{"line":116,"column":57},"end":{"line":125,"column":3}}}},"branchMap":{"0":{"loc":{"start":{"line":16,"column":4},"end":{"line":18,"column":null}},"type":"if","locations":[{"start":{"line":16,"column":4},"end":{"line":18,"column":null}}]},"1":{"loc":{"start":{"line":28,"column":4},"end":{"line":30,"column":null}},"type":"if","locations":[{"start":{"line":28,"column":4},"end":{"line":30,"column":null}}]},"2":{"loc":{"start":{"line":44,"column":32},"end":{"line":44,"column":72}},"type":"default-arg","locations":[{"start":{"line":44,"column":41},"end":{"line":44,"column":72}}]},"3":{"loc":{"start":{"line":60,"column":27},"end":{"line":60,"column":119}},"type":"cond-expr","locations":[{"start":{"line":60,"column":52},"end":{"line":60,"column":65}},{"start":{"line":60,"column":68},"end":{"line":60,"column":119}}]},"4":{"loc":{"start":{"line":65,"column":39},"end":{"line":65,"column":79}},"type":"default-arg","locations":[{"start":{"line":65,"column":48},"end":{"line":65,"column":79}}]},"5":{"loc":{"start":{"line":93,"column":6},"end":{"line":95,"column":null}},"type":"if","locations":[{"start":{"line":93,"column":6},"end":{"line":95,"column":null}}]},"6":{"loc":{"start":{"line":99,"column":27},"end":{"line":99,"column":119}},"type":"cond-expr","locations":[{"start":{"line":99,"column":52},"end":{"line":99,"column":65}},{"start":{"line":99,"column":68},"end":{"line":99,"column":119}}]},"7":{"loc":{"start":{"line":105,"column":4},"end":{"line":107,"column":null}},"type":"if","locations":[{"start":{"line":105,"column":4},"end":{"line":107,"column":null}}]},"8":{"loc":{"start":{"line":111,"column":4},"end":{"line":113,"column":null}},"type":"if","locations":[{"start":{"line":111,"column":4},"end":{"line":113,"column":null}}]}},"s":{"0":2,"1":2,"2":3,"3":3,"4":3,"5":3,"6":2,"7":2,"8":3,"9":3,"10":3,"11":2,"12":2,"13":3,"14":3,"15":4,"16":4,"17":4,"18":4,"19":4,"20":4,"21":4,"22":0,"23":0,"24":2,"25":2,"26":2,"27":2,"28":2,"29":2,"30":2,"31":2,"32":2,"33":2,"34":2,"35":2,"36":2,"37":2,"38":0,"39":2,"40":0,"41":0,"42":12,"43":0,"44":6,"45":0,"46":6,"47":6,"48":6,"49":2},"f":{"0":3,"1":3,"2":2,"3":3,"4":2,"5":3,"6":4,"7":2,"8":12,"9":6,"10":6},"b":{"0":[3],"1":[3],"2":[4],"3":[0,0],"4":[2],"5":[0],"6":[0,0],"7":[0],"8":[0]}}
,"/Users/jadir/code/culqi/src/shared/domain/DomainError.ts": {"path":"/Users/jadir/code/culqi/src/shared/domain/DomainError.ts","statementMap":{"0":{"start":{"line":3,"column":4},"end":{"line":3,"column":19}},"1":{"start":{"line":1,"column":0},"end":{"line":1,"column":22}}},"fnMap":{"0":{"name":"(anonymous_0)","decl":{"start":{"line":2,"column":2},"end":{"line":2,"column":14}},"loc":{"start":{"line":2,"column":29},"end":{"line":4,"column":3}}}},"branchMap":{},"s":{"0":0,"1":2},"f":{"0":0},"b":{}}
,"/Users/jadir/code/culqi/src/shared/domain/InvalidArgumentError.ts": {"path":"/Users/jadir/code/culqi/src/shared/domain/InvalidArgumentError.ts","statementMap":{"0":{"start":{"line":1,"column":0},"end":{"line":1,"column":44}},"1":{"start":{"line":5,"column":4},"end":{"line":5,"column":19}},"2":{"start":{"line":9,"column":4},"end":{"line":9,"column":36}},"3":{"start":{"line":3,"column":0},"end":{"line":3,"column":13}}},"fnMap":{"0":{"name":"(anonymous_0)","decl":{"start":{"line":4,"column":2},"end":{"line":4,"column":14}},"loc":{"start":{"line":4,"column":29},"end":{"line":6,"column":3}}},"1":{"name":"(anonymous_1)","decl":{"start":{"line":8,"column":2},"end":{"line":8,"column":12}},"loc":{"start":{"line":8,"column":12},"end":{"line":10,"column":3}}}},"branchMap":{},"s":{"0":2,"1":0,"2":0,"3":2},"f":{"0":0,"1":0},"b":{}}
,"/Users/jadir/code/culqi/src/shared/domain/KeyGenerator.ts": {"path":"/Users/jadir/code/culqi/src/shared/domain/KeyGenerator.ts","statementMap":{"0":{"start":{"line":1,"column":0},"end":{"line":1,"column":28}},"1":{"start":{"line":2,"column":0},"end":{"line":2,"column":62}},"2":{"start":{"line":4,"column":0},"end":{"line":4,"column":null}},"3":{"start":{"line":5,"column":2},"end":{"line":5,"column":null}},"4":{"start":{"line":13,"column":4},"end":{"line":13,"column":24}},"5":{"start":{"line":14,"column":4},"end":{"line":14,"column":37}},"6":{"start":{"line":15,"column":4},"end":{"line":15,"column":33}},"7":{"start":{"line":16,"column":4},"end":{"line":16,"column":22}},"8":{"start":{"line":17,"column":4},"end":{"line":17,"column":39}},"9":{"start":{"line":21,"column":4},"end":{"line":23,"column":null}},"10":{"start":{"line":22,"column":6},"end":{"line":22,"column":100}},"11":{"start":{"line":25,"column":24},"end":{"line":25,"column":66}},"12":{"start":{"line":26,"column":18},"end":{"line":26,"column":71}},"13":{"start":{"line":27,"column":16},"end":{"line":27,"column":43}},"14":{"start":{"line":28,"column":19},"end":{"line":28,"column":21}},"15":{"start":{"line":29,"column":18},"end":{"line":29,"column":19}},"16":{"start":{"line":31,"column":4},"end":{"line":37,"column":null}},"17":{"start":{"line":32,"column":6},"end":{"line":32,"column":23}},"18":{"start":{"line":33,"column":6},"end":{"line":33,"column":46}},"19":{"start":{"line":34,"column":6},"end":{"line":34,"column":60}},"20":{"start":{"line":35,"column":6},"end":{"line":35,"column":16}},"21":{"start":{"line":36,"column":6},"end":{"line":36,"column":16}},"22":{"start":{"line":39,"column":4},"end":{"line":39,"column":51}},"23":{"start":{"line":43,"column":4},"end":{"line":48,"column":6}},"24":{"start":{"line":52,"column":4},"end":{"line":52,"column":26}},"25":{"start":{"line":56,"column":4},"end":{"line":61,"column":null}},"26":{"start":{"line":57,"column":6},"end":{"line":57,"column":35}},"27":{"start":{"line":58,"column":6},"end":{"line":58,"column":48}},"28":{"start":{"line":60,"column":6},"end":{"line":60,"column":23}},"29":{"start":{"line":65,"column":4},"end":{"line":67,"column":null}},"30":{"start":{"line":66,"column":6},"end":{"line":66,"column":77}},"31":{"start":{"line":71,"column":18},"end":{"line":71,"column":59}},"32":{"start":{"line":72,"column":4},"end":{"line":74,"column":null}},"33":{"start":{"line":73,"column":6},"end":{"line":73,"column":109}},"34":{"start":{"line":78,"column":4},"end":{"line":80,"column":null}},"35":{"start":{"line":79,"column":6},"end":{"line":79,"column":100}},"36":{"start":{"line":8,"column":0},"end":{"line":8,"column":13}}},"fnMap":{"0":{"name":"(anonymous_1)","decl":{"start":{"line":4,"column":0},"end":{"line":4,"column":12}},"loc":{"start":{"line":4,"column":29},"end":{"line":6,"column":1}}},"1":{"name":"(anonymous_2)","decl":{"start":{"line":12,"column":2},"end":{"line":12,"column":14}},"loc":{"start":{"line":12,"column":52},"end":{"line":18,"column":3}}},"2":{"name":"(anonymous_3)","decl":{"start":{"line":20,"column":2},"end":{"line":20,"column":8}},"loc":{"start":{"line":20,"column":52},"end":{"line":40,"column":3}}},"3":{"name":"(anonymous_4)","decl":{"start":{"line":42,"column":2},"end":{"line":42,"column":8}},"loc":{"start":{"line":42,"column":20},"end":{"line":49,"column":3}}},"4":{"name":"(anonymous_5)","decl":{"start":{"line":51,"column":2},"end":{"line":51,"column":8}},"loc":{"start":{"line":51,"column":25},"end":{"line":53,"column":3}}},"5":{"name":"(anonymous_6)","decl":{"start":{"line":55,"column":2},"end":{"line":55,"column":20}},"loc":{"start":{"line":55,"column":44},"end":{"line":62,"column":3}}},"6":{"name":"(anonymous_7)","decl":{"start":{"line":64,"column":2},"end":{"line":64,"column":22}},"loc":{"start":{"line":64,"column":36},"end":{"line":68,"column":3}}},"7":{"name":"(anonymous_8)","decl":{"start":{"line":70,"column":2},"end":{"line":70,"column":18}},"loc":{"start":{"line":70,"column":55},"end":{"line":75,"column":3}}},"8":{"name":"(anonymous_9)","decl":{"start":{"line":77,"column":2},"end":{"line":77,"column":19}},"loc":{"start":{"line":77,"column":43},"end":{"line":81,"column":3}}}},"branchMap":{"0":{"loc":{"start":{"line":4,"column":12},"end":{"line":4,"column":null}},"type":"binary-expr","locations":[{"start":{"line":4,"column":12},"end":{"line":4,"column":29}},{"start":{"line":4,"column":29},"end":{"line":4,"column":null}}]},"1":{"loc":{"start":{"line":21,"column":4},"end":{"line":23,"column":null}},"type":"if","locations":[{"start":{"line":21,"column":4},"end":{"line":23,"column":null}}]},"2":{"loc":{"start":{"line":26,"column":18},"end":{"line":26,"column":71}},"type":"cond-expr","locations":[{"start":{"line":26,"column":47},"end":{"line":26,"column":65}},{"start":{"line":26,"column":68},"end":{"line":26,"column":71}}]},"3":{"loc":{"start":{"line":65,"column":4},"end":{"line":67,"column":null}},"type":"if","locations":[{"start":{"line":65,"column":4},"end":{"line":67,"column":null}}]},"4":{"loc":{"start":{"line":65,"column":8},"end":{"line":65,"column":45}},"type":"binary-expr","locations":[{"start":{"line":65,"column":8},"end":{"line":65,"column":22}},{"start":{"line":65,"column":26},"end":{"line":65,"column":45}}]},"5":{"loc":{"start":{"line":72,"column":4},"end":{"line":74,"column":null}},"type":"if","locations":[{"start":{"line":72,"column":4},"end":{"line":74,"column":null}}]},"6":{"loc":{"start":{"line":78,"column":4},"end":{"line":80,"column":null}},"type":"if","locations":[{"start":{"line":78,"column":4},"end":{"line":80,"column":null}}]}},"s":{"0":2,"1":2,"2":2,"3":2,"4":2,"5":2,"6":2,"7":2,"8":2,"9":2,"10":0,"11":2,"12":2,"13":2,"14":2,"15":2,"16":2,"17":32,"18":32,"19":32,"20":32,"21":32,"22":2,"23":10,"24":0,"25":2,"26":2,"27":2,"28":0,"29":2,"30":0,"31":2,"32":2,"33":0,"34":4,"35":0,"36":2},"f":{"0":2,"1":2,"2":2,"3":10,"4":0,"5":2,"6":2,"7":2,"8":4},"b":{"0":[2,2],"1":[0],"2":[0,2],"3":[0],"4":[2,2],"5":[0],"6":[0]}}
,"/Users/jadir/code/culqi/src/shared/domain/Uuid.ts": {"path":"/Users/jadir/code/culqi/src/shared/domain/Uuid.ts","statementMap":{"0":{"start":{"line":1,"column":0},"end":{"line":1,"column":42}},"1":{"start":{"line":7,"column":4},"end":{"line":7,"column":23}},"2":{"start":{"line":11,"column":4},"end":{"line":11,"column":34}},"3":{"start":{"line":15,"column":4},"end":{"line":15,"column":32}},"4":{"start":{"line":3,"column":0},"end":{"line":3,"column":13}}},"fnMap":{"0":{"name":"(anonymous_0)","decl":{"start":{"line":6,"column":2},"end":{"line":6,"column":14}},"loc":{"start":{"line":6,"column":25},"end":{"line":8,"column":3}}},"1":{"name":"(anonymous_1)","decl":{"start":{"line":10,"column":2},"end":{"line":10,"column":8}},"loc":{"start":{"line":10,"column":15},"end":{"line":12,"column":3}}},"2":{"name":"(anonymous_2)","decl":{"start":{"line":14,"column":2},"end":{"line":14,"column":10}},"loc":{"start":{"line":14,"column":10},"end":{"line":16,"column":3}}}},"branchMap":{},"s":{"0":2,"1":4,"2":4,"3":0,"4":2},"f":{"0":4,"1":4,"2":0},"b":{}}
,"/Users/jadir/code/culqi/src/shared/infrastructure/persistance/redis/RedisClientFactory.ts": {"path":"/Users/jadir/code/culqi/src/shared/infrastructure/persistance/redis/RedisClientFactory.ts","statementMap":{"0":{"start":{"line":1,"column":0},"end":{"line":1,"column":37}},"1":{"start":{"line":10,"column":17},"end":{"line":10,"column":47}},"2":{"start":{"line":12,"column":4},"end":{"line":15,"column":null}},"3":{"start":{"line":13,"column":6},"end":{"line":13,"column":92}},"4":{"start":{"line":14,"column":6},"end":{"line":14,"column":27}},"5":{"start":{"line":17,"column":4},"end":{"line":17,"column":18}},"6":{"start":{"line":21,"column":19},"end":{"line":21,"column":44}},"7":{"start":{"line":22,"column":4},"end":{"line":26,"column":null}},"8":{"start":{"line":23,"column":6},"end":{"line":23,"column":32}},"9":{"start":{"line":24,"column":6},"end":{"line":24,"column":25}},"10":{"start":{"line":25,"column":6},"end":{"line":25,"column":48}},"11":{"start":{"line":30,"column":4},"end":{"line":30,"column":37}},"12":{"start":{"line":34,"column":4},"end":{"line":52,"column":null}},"13":{"start":{"line":35,"column":21},"end":{"line":38,"column":8}},"14":{"start":{"line":40,"column":6},"end":{"line":42,"column":null}},"15":{"start":{"line":41,"column":8},"end":{"line":41,"column":55}},"16":{"start":{"line":44,"column":6},"end":{"line":44,"column":29}},"17":{"start":{"line":46,"column":6},"end":{"line":46,"column":45}},"18":{"start":{"line":48,"column":6},"end":{"line":48,"column":20}},"19":{"start":{"line":50,"column":6},"end":{"line":50,"column":53}},"20":{"start":{"line":51,"column":6},"end":{"line":51,"column":50}},"21":{"start":{"line":6,"column":0},"end":{"line":6,"column":13}},"22":{"start":{"line":7,"column":17},"end":{"line":7,"column":58}}},"fnMap":{"0":{"name":"(anonymous_7)","decl":{"start":{"line":9,"column":2},"end":{"line":9,"column":8}},"loc":{"start":{"line":9,"column":71},"end":{"line":18,"column":null}}},"1":{"name":"(anonymous_9)","decl":{"start":{"line":20,"column":2},"end":{"line":20,"column":8}},"loc":{"start":{"line":20,"column":30},"end":{"line":27,"column":null}}},"2":{"name":"(anonymous_11)","decl":{"start":{"line":29,"column":2},"end":{"line":29,"column":8}},"loc":{"start":{"line":29,"column":18},"end":{"line":31,"column":3}}},"3":{"name":"(anonymous_12)","decl":{"start":{"line":33,"column":10},"end":{"line":33,"column":16}},"loc":{"start":{"line":33,"column":79},"end":{"line":53,"column":null}}},"4":{"name":"(anonymous_14)","decl":{"start":{"line":40,"column":25},"end":{"line":40,"column":26}},"loc":{"start":{"line":40,"column":42},"end":{"line":42,"column":7}}}},"branchMap":{"0":{"loc":{"start":{"line":12,"column":4},"end":{"line":15,"column":null}},"type":"if","locations":[{"start":{"line":12,"column":4},"end":{"line":15,"column":null}}]},"1":{"loc":{"start":{"line":22,"column":4},"end":{"line":26,"column":null}},"type":"if","locations":[{"start":{"line":22,"column":4},"end":{"line":26,"column":null}}]}},"s":{"0":2,"1":2,"2":2,"3":2,"4":2,"5":2,"6":2,"7":2,"8":2,"9":2,"10":2,"11":5,"12":2,"13":2,"14":2,"15":0,"16":2,"17":2,"18":2,"19":0,"20":0,"21":2,"22":2},"f":{"0":2,"1":2,"2":5,"3":2,"4":0},"b":{"0":[2],"1":[2]}}
,"/Users/jadir/code/culqi/src/shared/infrastructure/persistance/redis/RedisRepository.ts": {"path":"/Users/jadir/code/culqi/src/shared/infrastructure/persistance/redis/RedisRepository.ts","statementMap":{"0":{"start":{"line":2,"column":0},"end":{"line":2,"column":75}},"1":{"start":{"line":8,"column":4},"end":{"line":8,"column":50}},"2":{"start":{"line":14,"column":19},"end":{"line":14,"column":35}},"3":{"start":{"line":16,"column":4},"end":{"line":16,"column":43}},"4":{"start":{"line":20,"column":4},"end":{"line":20,"column":29}},"5":{"start":{"line":21,"column":4},"end":{"line":23,"column":7}},"6":{"start":{"line":27,"column":4},"end":{"line":27,"column":29}},"7":{"start":{"line":29,"column":4},"end":{"line":29,"column":null}},"8":{"start":{"line":33,"column":4},"end":{"line":33,"column":29}},"9":{"start":{"line":34,"column":4},"end":{"line":34,"column":49}},"10":{"start":{"line":38,"column":4},"end":{"line":38,"column":29}},"11":{"start":{"line":39,"column":18},"end":{"line":39,"column":62}},"12":{"start":{"line":41,"column":4},"end":{"line":41,"column":22}},"13":{"start":{"line":45,"column":4},"end":{"line":47,"column":null}},"14":{"start":{"line":46,"column":6},"end":{"line":46,"column":60}},"15":{"start":{"line":4,"column":0},"end":{"line":4,"column":22}}},"fnMap":{"0":{"name":"(anonymous_7)","decl":{"start":{"line":7,"column":2},"end":{"line":7,"column":null}},"loc":{"start":{"line":7,"column":2},"end":{"line":9,"column":3}}},"1":{"name":"(anonymous_8)","decl":{"start":{"line":13,"column":10},"end":{"line":13,"column":17}},"loc":{"start":{"line":13,"column":28},"end":{"line":17,"column":3}}},"2":{"name":"(anonymous_9)","decl":{"start":{"line":19,"column":18},"end":{"line":19,"column":31}},"loc":{"start":{"line":19,"column":81},"end":{"line":24,"column":null}}},"3":{"name":"(anonymous_11)","decl":{"start":{"line":26,"column":18},"end":{"line":26,"column":21}},"loc":{"start":{"line":26,"column":33},"end":{"line":30,"column":null}}},"4":{"name":"(anonymous_13)","decl":{"start":{"line":32,"column":18},"end":{"line":32,"column":24}},"loc":{"start":{"line":32,"column":36},"end":{"line":35,"column":null}}},"5":{"name":"(anonymous_15)","decl":{"start":{"line":37,"column":18},"end":{"line":37,"column":24}},"loc":{"start":{"line":37,"column":36},"end":{"line":42,"column":null}}},"6":{"name":"(anonymous_17)","decl":{"start":{"line":44,"column":10},"end":{"line":44,"column":27}},"loc":{"start":{"line":44,"column":27},"end":{"line":48,"column":3}}}},"branchMap":{"0":{"loc":{"start":{"line":16,"column":11},"end":{"line":16,"column":42}},"type":"cond-expr","locations":[{"start":{"line":16,"column":20},"end":{"line":16,"column":37}},{"start":{"line":16,"column":40},"end":{"line":16,"column":42}}]},"1":{"loc":{"start":{"line":45,"column":4},"end":{"line":47,"column":null}},"type":"if","locations":[{"start":{"line":45,"column":4},"end":{"line":47,"column":null}}]}},"s":{"0":2,"1":3,"2":3,"3":3,"4":2,"5":2,"6":1,"7":1,"8":0,"9":0,"10":0,"11":0,"12":0,"13":3,"14":0,"15":2},"f":{"0":3,"1":3,"2":2,"3":1,"4":0,"5":0,"6":3},"b":{"0":[3,0],"1":[0]}}
,"/Users/jadir/code/culqi/src/shared/infrastructure/persistance/typeorm/TypeOrmDataSourceFactory.ts": {"path":"/Users/jadir/code/culqi/src/shared/infrastructure/persistance/typeorm/TypeOrmDataSourceFactory.ts","statementMap":{"0":{"start":{"line":1,"column":0},"end":{"line":1,"column":26}},"1":{"start":{"line":2,"column":0},"end":{"line":2,"column":37}},"2":{"start":{"line":9,"column":21},"end":{"line":9,"column":61}},"3":{"start":{"line":11,"column":4},"end":{"line":14,"column":null}},"4":{"start":{"line":12,"column":6},"end":{"line":12,"column":109}},"5":{"start":{"line":13,"column":6},"end":{"line":13,"column":35}},"6":{"start":{"line":16,"column":4},"end":{"line":16,"column":22}},"7":{"start":{"line":20,"column":23},"end":{"line":20,"column":58}},"8":{"start":{"line":21,"column":4},"end":{"line":25,"column":null}},"9":{"start":{"line":22,"column":6},"end":{"line":22,"column":33}},"10":{"start":{"line":23,"column":6},"end":{"line":23,"column":29}},"11":{"start":{"line":24,"column":6},"end":{"line":24,"column":54}},"12":{"start":{"line":29,"column":4},"end":{"line":29,"column":47}},"13":{"start":{"line":33,"column":4},"end":{"line":53,"column":null}},"14":{"start":{"line":34,"column":25},"end":{"line":43,"column":8}},"15":{"start":{"line":45,"column":6},"end":{"line":45,"column":36}},"16":{"start":{"line":47,"column":6},"end":{"line":47,"column":50}},"17":{"start":{"line":49,"column":6},"end":{"line":49,"column":24}},"18":{"start":{"line":51,"column":6},"end":{"line":51,"column":57}},"19":{"start":{"line":52,"column":6},"end":{"line":52,"column":52}},"20":{"start":{"line":5,"column":0},"end":{"line":5,"column":13}},"21":{"start":{"line":6,"column":17},"end":{"line":6,"column":57}}},"fnMap":{"0":{"name":"(anonymous_7)","decl":{"start":{"line":8,"column":2},"end":{"line":8,"column":8}},"loc":{"start":{"line":8,"column":75},"end":{"line":17,"column":null}}},"1":{"name":"(anonymous_9)","decl":{"start":{"line":19,"column":2},"end":{"line":19,"column":8}},"loc":{"start":{"line":19,"column":30},"end":{"line":26,"column":null}}},"2":{"name":"(anonymous_11)","decl":{"start":{"line":28,"column":2},"end":{"line":28,"column":8}},"loc":{"start":{"line":28,"column":22},"end":{"line":30,"column":3}}},"3":{"name":"(anonymous_12)","decl":{"start":{"line":32,"column":10},"end":{"line":32,"column":16}},"loc":{"start":{"line":32,"column":95},"end":{"line":54,"column":null}}}},"branchMap":{"0":{"loc":{"start":{"line":11,"column":4},"end":{"line":14,"column":null}},"type":"if","locations":[{"start":{"line":11,"column":4},"end":{"line":14,"column":null}}]},"1":{"loc":{"start":{"line":21,"column":4},"end":{"line":25,"column":null}},"type":"if","locations":[{"start":{"line":21,"column":4},"end":{"line":25,"column":null}}]}},"s":{"0":2,"1":2,"2":2,"3":2,"4":2,"5":2,"6":2,"7":2,"8":2,"9":2,"10":2,"11":2,"12":5,"13":2,"14":2,"15":2,"16":2,"17":2,"18":0,"19":0,"20":2,"21":2},"f":{"0":2,"1":2,"2":5,"3":2},"b":{"0":[2],"1":[2]}}
,"/Users/jadir/code/culqi/src/shared/infrastructure/persistance/typeorm/TypeOrmRepository.ts": {"path":"/Users/jadir/code/culqi/src/shared/infrastructure/persistance/typeorm/TypeOrmRepository.ts","statementMap":{"0":{"start":{"line":3,"column":0},"end":{"line":3,"column":70}},"1":{"start":{"line":9,"column":4},"end":{"line":9,"column":64}},"2":{"start":{"line":15,"column":4},"end":{"line":15,"column":28}},"3":{"start":{"line":19,"column":4},"end":{"line":19,"column":63}},"4":{"start":{"line":23,"column":17},"end":{"line":23,"column":37}},"5":{"start":{"line":24,"column":4},"end":{"line":24,"column":39}},"6":{"start":{"line":28,"column":4},"end":{"line":28,"column":71}},"7":{"start":{"line":32,"column":4},"end":{"line":35,"column":17}},"8":{"start":{"line":39,"column":4},"end":{"line":39,"column":39}},"9":{"start":{"line":5,"column":0},"end":{"line":5,"column":22}}},"fnMap":{"0":{"name":"(anonymous_7)","decl":{"start":{"line":8,"column":2},"end":{"line":8,"column":null}},"loc":{"start":{"line":8,"column":2},"end":{"line":10,"column":3}}},"1":{"name":"(anonymous_8)","decl":{"start":{"line":14,"column":12},"end":{"line":14,"column":22}},"loc":{"start":{"line":14,"column":22},"end":{"line":16,"column":3}}},"2":{"name":"(anonymous_9)","decl":{"start":{"line":18,"column":12},"end":{"line":18,"column":22}},"loc":{"start":{"line":18,"column":22},"end":{"line":20,"column":3}}},"3":{"name":"(anonymous_10)","decl":{"start":{"line":22,"column":18},"end":{"line":22,"column":25}},"loc":{"start":{"line":22,"column":34},"end":{"line":25,"column":null}}},"4":{"name":"(anonymous_12)","decl":{"start":{"line":27,"column":15},"end":{"line":27,"column":30}},"loc":{"start":{"line":27,"column":51},"end":{"line":29,"column":null}}},"5":{"name":"(anonymous_14)","decl":{"start":{"line":31,"column":15},"end":{"line":31,"column":22}},"loc":{"start":{"line":31,"column":22},"end":{"line":36,"column":null}}},"6":{"name":"(anonymous_16)","decl":{"start":{"line":38,"column":15},"end":{"line":38,"column":21}},"loc":{"start":{"line":38,"column":32},"end":{"line":40,"column":null}}}},"branchMap":{},"s":{"0":2,"1":3,"2":0,"3":3,"4":0,"5":0,"6":0,"7":0,"8":0,"9":2},"f":{"0":3,"1":0,"2":3,"3":0,"4":0,"5":0,"6":0},"b":{}}
,"/Users/jadir/code/culqi/src/shared/infrastructure/persistance/typeorm/entities/card.entity.ts": {"path":"/Users/jadir/code/culqi/src/shared/infrastructure/persistance/typeorm/entities/card.entity.ts","statementMap":{"0":{"start":{"line":1,"column":0},"end":{"line":1,"column":null}},"1":{"start":{"line":12,"column":7},"end":{"line":47,"column":null}},"2":{"start":{"line":12,"column":13},"end":{"line":12,"column":23}},"3":{"start":{"line":17,"column":2},"end":{"line":17,"column":null}},"4":{"start":{"line":20,"column":2},"end":{"line":20,"column":null}},"5":{"start":{"line":23,"column":2},"end":{"line":23,"column":null}},"6":{"start":{"line":26,"column":2},"end":{"line":26,"column":null}},"7":{"start":{"line":29,"column":2},"end":{"line":29,"column":null}},"8":{"start":{"line":32,"column":2},"end":{"line":32,"column":null}},"9":{"start":{"line":39,"column":2},"end":{"line":39,"column":null}},"10":{"start":{"line":46,"column":2},"end":{"line":46,"column":null}},"11":{"start":{"line":12,"column":13},"end":{"line":47,"column":null}}},"fnMap":{},"branchMap":{},"s":{"0":2,"1":2,"2":2,"3":2,"4":2,"5":2,"6":2,"7":2,"8":2,"9":2,"10":2,"11":2},"f":{},"b":{}}
}
