TN:
SF:apps/PkAuthenticationFailed.ts
FN:2,(anonymous_0)
FNF:1
FNH:0
FNDA:0,(anonymous_0)
DA:1,2
DA:3,0
LF:2
LH:1
BRF:0
BRH:0
end_of_record
TN:
SF:apps/RequestSchemaValidationFailed.ts
FN:4,(anonymous_0)
FN:9,(anonymous_1)
FNF:2
FNH:0
FNDA:0,(anonymous_0)
FNDA:0,(anonymous_1)
DA:1,2
DA:5,0
DA:6,0
DA:10,0
LF:4
LH:1
BRF:0
BRH:0
end_of_record
TN:
SF:apps/RouteNotFoundError.ts
FN:2,(anonymous_0)
FNF:1
FNH:0
FNDA:0,(anonymous_0)
DA:1,2
DA:3,0
LF:2
LH:1
BRF:0
BRH:0
end_of_record
TN:
SF:apps/TokenizationApp.ts
FN:8,(anonymous_7)
FN:12,(anonymous_8)
FN:16,(anonymous_9)
FN:23,(anonymous_11)
FN:34,(anonymous_13)
FN:38,(anonymous_14)
FN:45,(anonymous_16)
FN:58,(anonymous_18)
FN:62,(anonymous_20)
FN:75,(anonymous_22)
FNF:10
FNH:9
FNDA:0,(anonymous_7)
FNDA:2,(anonymous_8)
FNDA:2,(anonymous_9)
FNDA:2,(anonymous_11)
FNDA:2,(anonymous_13)
FNDA:2,(anonymous_14)
FNDA:2,(anonymous_16)
FNDA:2,(anonymous_18)
FNDA:2,(anonymous_20)
FNDA:2,(anonymous_22)
DA:1,2
DA:2,2
DA:3,2
DA:5,2
DA:9,0
DA:13,2
DA:17,2
DA:18,2
DA:19,2
DA:20,2
DA:24,2
DA:25,2
DA:27,2
DA:28,0
DA:31,2
DA:35,2
DA:39,2
DA:40,2
DA:41,2
DA:42,2
DA:46,2
DA:48,2
DA:49,0
DA:52,2
DA:59,2
DA:63,2
DA:65,2
DA:66,0
DA:69,2
DA:76,2
LF:30
LH:26
BRDA:17,0,0,2
BRDA:17,0,1,0
BRDA:27,1,0,0
BRDA:35,2,0,0
BRDA:35,2,1,2
BRDA:35,3,0,2
BRDA:35,3,1,2
BRDA:39,4,0,0
BRDA:39,4,1,2
BRDA:39,5,0,2
BRDA:39,5,1,2
BRDA:48,6,0,0
BRDA:65,7,0,0
BRF:13
BRH:7
end_of_record
TN:
SF:apps/api/Server.ts
FN:8,(anonymous_8)
FN:12,(anonymous_9)
FN:13,(anonymous_11)
FN:14,(anonymous_12)
FN:14,(anonymous_13)
FN:19,(anonymous_14)
FN:27,(anonymous_15)
FN:31,(anonymous_16)
FN:32,(anonymous_18)
FN:34,(anonymous_19)
FNF:10
FNH:9
FNDA:2,(anonymous_8)
FNDA:2,(anonymous_9)
FNDA:2,(anonymous_11)
FNDA:2,(anonymous_12)
FNDA:2,(anonymous_13)
FNDA:2,(anonymous_14)
FNDA:2,(anonymous_15)
FNDA:2,(anonymous_16)
FNDA:2,(anonymous_18)
FNDA:0,(anonymous_19)
DA:1,2
DA:2,2
DA:4,2
DA:9,2
DA:13,2
DA:14,2
DA:15,2
DA:16,2
DA:19,2
DA:20,2
DA:21,2
DA:22,2
DA:28,2
DA:32,2
DA:33,2
DA:34,2
DA:35,0
DA:36,0
DA:38,0
DA:42,2
LF:20
LH:17
BRDA:33,0,0,2
BRDA:35,1,0,0
BRF:2
BRH:1
end_of_record
TN:
SF:apps/api/router.ts
FN:33,(anonymous_8)
FN:33,(anonymous_9)
FN:56,(anonymous_10)
FN:56,(anonymous_11)
FN:78,initRouter
FN:91,controllerHandler
FNF:6
FNH:6
FNDA:1,(anonymous_8)
FNDA:1,(anonymous_9)
FNDA:1,(anonymous_10)
FNDA:1,(anonymous_11)
FNDA:2,initRouter
FNDA:2,controllerHandler
DA:3,2
DA:4,2
DA:5,2
DA:6,2
DA:7,2
DA:8,2
DA:9,2
DA:10,2
DA:11,2
DA:12,2
DA:13,2
DA:14,2
DA:28,2
DA:33,1
DA:34,1
DA:35,1
DA:37,1
DA:38,1
DA:42,1
DA:43,1
DA:49,1
DA:56,1
DA:57,1
DA:58,1
DA:60,1
DA:61,1
DA:63,1
DA:64,1
DA:66,1
DA:67,1
DA:73,1
DA:78,2
DA:79,2
DA:80,3
DA:81,2
DA:83,2
DA:85,2
DA:88,0
DA:92,2
DA:93,2
DA:94,2
DA:95,2
DA:96,2
DA:98,0
DA:99,0
DA:101,0
DA:102,0
DA:108,0
DA:111,0
DA:112,0
DA:114,0
DA:115,0
DA:121,0
DA:124,0
DA:125,0
DA:126,0
LF:56
LH:42
BRDA:80,0,0,1
BRDA:81,1,0,0
BRDA:98,2,0,0
BRDA:111,3,0,0
BRDA:128,4,0,0
BRDA:128,4,1,0
BRF:6
BRH:1
end_of_record
TN:
SF:apps/api/utils.ts
FN:5,(anonymous_1)
FN:16,(anonymous_2)
FN:17,(anonymous_3)
FN:20,(anonymous_4)
FN:23,(anonymous_5)
FN:26,(anonymous_6)
FNF:6
FNH:4
FNDA:0,(anonymous_1)
FNDA:2,(anonymous_2)
FNDA:2,(anonymous_3)
FNDA:2,(anonymous_4)
FNDA:0,(anonymous_5)
FNDA:2,(anonymous_6)
DA:1,2
DA:5,2
DA:6,0
DA:8,0
DA:9,0
DA:10,0
DA:13,0
DA:16,2
DA:17,2
DA:18,2
DA:19,2
DA:21,2
DA:24,0
DA:27,2
LF:14
LH:8
BRDA:8,0,0,0
BRF:1
BRH:0
end_of_record
TN:
SF:apps/middlewares/validateClientPk.ts
FN:4,(anonymous_0)
FNF:1
FNH:1
FNDA:2,(anonymous_0)
DA:1,2
DA:2,2
DA:4,2
DA:5,2
DA:6,0
DA:9,2
DA:10,2
DA:11,2
DA:12,0
DA:15,2
DA:17,2
DA:18,0
LF:12
LH:9
BRDA:5,0,0,0
BRDA:11,1,0,0
BRDA:17,2,0,0
BRDA:17,3,0,2
BRDA:17,3,1,2
BRF:5
BRH:2
end_of_record
TN:
SF:apps/middlewares/validateRequestSchema.ts
FN:4,(anonymous_0)
FNF:1
FNH:1
FNDA:2,(anonymous_0)
DA:2,2
DA:4,2
DA:5,2
DA:7,2
DA:8,0
DA:9,0
DA:12,2
LF:7
LH:5
BRDA:7,0,0,0
BRF:1
BRH:0
end_of_record
TN:
SF:apps/schemas/index.ts
FN:5,(anonymous_1)
FN:26,(anonymous_2)
FNF:2
FNH:2
FNDA:1,(anonymous_1)
FNDA:1,(anonymous_2)
DA:1,2
DA:2,2
DA:4,2
DA:5,2
DA:9,2
DA:10,2
DA:11,2
DA:12,2
DA:14,2
DA:27,1
DA:28,0
DA:36,2
LF:12
LH:11
BRDA:27,0,0,0
BRDA:27,1,0,1
BRDA:27,1,1,0
BRF:3
BRH:1
end_of_record
TN:
SF:src/card/application/finder/CardFinder.ts
FN:9,(anonymous_7)
FN:13,(anonymous_8)
FNF:2
FNH:2
FNDA:1,(anonymous_7)
FNDA:1,(anonymous_8)
DA:1,2
DA:3,2
DA:4,2
DA:6,2
DA:10,1
DA:14,1
DA:16,1
DA:17,0
DA:20,1
LF:9
LH:8
BRDA:16,0,0,0
BRF:1
BRH:0
end_of_record
TN:
SF:src/card/application/finder/FindCardResponse.ts
FN:4,(anonymous_0)
FN:7,(anonymous_1)
FNF:2
FNH:2
FNDA:1,(anonymous_0)
FNDA:1,(anonymous_1)
DA:3,2
DA:4,1
DA:8,1
LF:3
LH:3
BRF:0
BRH:0
end_of_record
TN:
SF:src/card/application/register/CardCreator.ts
FN:11,(anonymous_7)
FN:15,(anonymous_8)
FNF:2
FNH:2
FNDA:2,(anonymous_7)
FNDA:2,(anonymous_8)
DA:1,2
DA:2,2
DA:4,2
DA:6,2
DA:8,2
DA:12,2
DA:16,2
DA:27,2
DA:29,2
LF:9
LH:9
BRF:0
BRH:0
end_of_record
TN:
SF:src/card/application/register/CreateCardResponse.ts
FN:8,(anonymous_0)
FN:22,(anonymous_1)
FNF:2
FNH:2
FNDA:2,(anonymous_0)
FNDA:1,(anonymous_1)
DA:1,2
DA:15,2
DA:16,2
DA:17,2
DA:18,2
DA:19,2
DA:23,1
LF:7
LH:7
BRF:0
BRH:0
end_of_record
TN:
SF:src/card/domain/Card.ts
FN:24,(anonymous_1)
FN:45,(anonymous_2)
FN:67,(anonymous_3)
FN:80,(anonymous_4)
FNF:4
FNH:4
FNDA:3,(anonymous_1)
FNDA:2,(anonymous_2)
FNDA:1,(anonymous_3)
FNDA:2,(anonymous_4)
DA:1,2
DA:14,2
DA:34,3
DA:35,3
DA:36,3
DA:37,3
DA:38,3
DA:39,3
DA:40,3
DA:41,3
DA:42,3
DA:55,2
DA:68,1
DA:81,2
LF:14
LH:14
BRF:0
BRH:0
end_of_record
TN:
SF:src/card/domain/CardNotExists.ts
FN:4,(anonymous_0)
FN:8,(anonymous_1)
FNF:2
FNH:0
FNDA:0,(anonymous_0)
FNDA:0,(anonymous_1)
DA:1,2
DA:3,2
DA:5,0
DA:9,0
LF:4
LH:2
BRF:0
BRH:0
end_of_record
TN:
SF:src/card/infrastructure/typeorm/CardTypeOrmRepository.ts
FN:10,(anonymous_7)
FN:15,(anonymous_8)
FN:19,(anonymous_9)
FN:29,(anonymous_11)
FNF:4
FNH:4
FNDA:3,(anonymous_7)
FNDA:3,(anonymous_8)
FNDA:2,(anonymous_9)
FNDA:1,(anonymous_11)
DA:1,2
DA:3,2
DA:4,2
DA:7,2
DA:11,3
DA:12,3
DA:16,3
DA:20,2
DA:22,2
DA:30,1
DA:32,1
LF:11
LH:11
BRDA:32,0,0,1
BRDA:32,0,1,0
BRF:2
BRH:1
end_of_record
TN:
SF:src/cardTokenizer/application/create/CardTokenizerCreator.ts
FN:12,(anonymous_7)
FN:16,(anonymous_8)
FNF:2
FNH:2
FNDA:2,(anonymous_7)
FNDA:2,(anonymous_8)
DA:1,2
DA:2,2
DA:3,2
DA:5,2
DA:7,2
DA:9,2
DA:13,2
DA:17,2
DA:19,2
DA:28,2
DA:30,2
LF:11
LH:11
BRF:0
BRH:0
end_of_record
TN:
SF:src/cardTokenizer/application/create/CreateCardTokenizerResponse.ts
FN:2,(anonymous_0)
FN:5,(anonymous_1)
FNF:2
FNH:2
FNDA:2,(anonymous_0)
FNDA:1,(anonymous_1)
DA:1,2
DA:2,2
DA:6,1
LF:3
LH:3
BRF:0
BRH:0
end_of_record
TN:
SF:src/cardTokenizer/application/finder/CardTokenizerFinder.ts
FN:9,(anonymous_7)
FN:13,(anonymous_8)
FNF:2
FNH:2
FNDA:1,(anonymous_7)
FNDA:1,(anonymous_8)
DA:1,2
DA:3,2
DA:4,2
DA:6,2
DA:10,1
DA:14,1
DA:16,1
DA:17,0
DA:20,1
LF:9
LH:8
BRDA:16,0,0,0
BRF:1
BRH:0
end_of_record
TN:
SF:src/cardTokenizer/application/finder/FindCardTokenizerResponse.ts
FN:2,(anonymous_0)
FN:5,(anonymous_1)
FNF:2
FNH:2
FNDA:1,(anonymous_0)
FNDA:1,(anonymous_1)
DA:1,2
DA:2,1
DA:6,1
LF:3
LH:3
BRF:0
BRH:0
end_of_record
TN:
SF:src/cardTokenizer/domain/CardTokenizer.ts
FN:18,(anonymous_1)
FN:33,(anonymous_2)
FN:49,(anonymous_3)
FN:59,(anonymous_4)
FNF:4
FNH:2
FNDA:2,(anonymous_1)
FNDA:2,(anonymous_2)
FNDA:0,(anonymous_3)
FNDA:0,(anonymous_4)
DA:1,2
DA:11,2
DA:25,2
DA:26,2
DA:27,2
DA:28,2
DA:29,2
DA:30,2
DA:40,2
DA:50,0
DA:60,0
LF:11
LH:9
BRF:0
BRH:0
end_of_record
TN:
SF:src/cardTokenizer/domain/CardTokenizerTokenNotValid.ts
FN:4,(anonymous_0)
FN:8,(anonymous_1)
FNF:2
FNH:0
FNDA:0,(anonymous_0)
FNDA:0,(anonymous_1)
DA:1,2
DA:3,2
DA:5,0
DA:9,0
LF:4
LH:2
BRF:0
BRH:0
end_of_record
TN:
SF:src/cardTokenizer/infrastructure/redis/CardTokernizerRedisRepository.ts
FN:7,(anonymous_7)
FN:11,(anonymous_8)
FN:19,(anonymous_10)
FN:23,(anonymous_12)
FN:27,(anonymous_14)
FNF:5
FNH:3
FNDA:3,(anonymous_7)
FNDA:2,(anonymous_8)
FNDA:0,(anonymous_10)
FNDA:1,(anonymous_12)
FNDA:0,(anonymous_14)
DA:2,2
DA:6,2
DA:8,3
DA:12,2
DA:20,0
DA:24,1
DA:28,0
LF:7
LH:5
BRF:0
BRH:0
end_of_record
TN:
SF:src/shared/domain/BaseEntity.ts
FNF:0
FNH:0
DA:1,2
LF:1
LH:1
BRF:0
BRH:0
end_of_record
TN:
SF:src/shared/domain/CryptManager.ts
FN:9,(anonymous_1)
FN:15,(anonymous_2)
FN:22,(anonymous_3)
FN:27,(anonymous_4)
FN:34,(anonymous_5)
FN:39,(anonymous_6)
FN:44,(anonymous_7)
FN:65,(anonymous_8)
FN:104,(anonymous_9)
FN:110,(anonymous_10)
FN:116,(anonymous_11)
FNF:11
FNH:11
FNDA:3,(anonymous_1)
FNDA:3,(anonymous_2)
FNDA:2,(anonymous_3)
FNDA:3,(anonymous_4)
FNDA:2,(anonymous_5)
FNDA:3,(anonymous_6)
FNDA:4,(anonymous_7)
FNDA:2,(anonymous_8)
FNDA:12,(anonymous_9)
FNDA:6,(anonymous_10)
FNDA:6,(anonymous_11)
DA:1,2
DA:2,2
DA:4,2
DA:10,3
DA:16,3
DA:17,3
DA:19,3
DA:23,2
DA:24,2
DA:28,3
DA:29,3
DA:31,3
DA:35,2
DA:36,2
DA:40,3
DA:41,3
DA:45,4
DA:47,4
DA:48,4
DA:49,4
DA:50,4
DA:56,4
DA:58,4
DA:60,0
DA:61,0
DA:66,2
DA:68,2
DA:69,2
DA:71,2
DA:74,2
DA:75,2
DA:77,2
DA:80,2
DA:81,2
DA:83,2
DA:84,2
DA:85,2
DA:91,2
DA:93,2
DA:94,0
DA:97,2
DA:99,0
DA:100,0
DA:105,12
DA:106,0
DA:111,6
DA:112,0
DA:117,6
DA:118,6
DA:120,6
LF:50
LH:43
BRDA:16,0,0,3
BRDA:28,1,0,3
BRDA:44,2,0,4
BRDA:60,3,0,0
BRDA:60,3,1,0
BRDA:65,4,0,2
BRDA:93,5,0,0
BRDA:99,6,0,0
BRDA:99,6,1,0
BRDA:105,7,0,0
BRDA:111,8,0,0
BRF:11
BRH:4
end_of_record
TN:
SF:src/shared/domain/DomainError.ts
FN:2,(anonymous_0)
FNF:1
FNH:0
FNDA:0,(anonymous_0)
DA:1,2
DA:3,0
LF:2
LH:1
BRF:0
BRH:0
end_of_record
TN:
SF:src/shared/domain/InvalidArgumentError.ts
FN:4,(anonymous_0)
FN:8,(anonymous_1)
FNF:2
FNH:0
FNDA:0,(anonymous_0)
FNDA:0,(anonymous_1)
DA:1,2
DA:3,2
DA:5,0
DA:9,0
LF:4
LH:2
BRF:0
BRH:0
end_of_record
TN:
SF:src/shared/domain/KeyGenerator.ts
FN:4,(anonymous_1)
FN:12,(anonymous_2)
FN:20,(anonymous_3)
FN:42,(anonymous_4)
FN:51,(anonymous_5)
FN:55,(anonymous_6)
FN:64,(anonymous_7)
FN:70,(anonymous_8)
FN:77,(anonymous_9)
FNF:9
FNH:8
FNDA:2,(anonymous_1)
FNDA:2,(anonymous_2)
FNDA:2,(anonymous_3)
FNDA:10,(anonymous_4)
FNDA:0,(anonymous_5)
FNDA:2,(anonymous_6)
FNDA:2,(anonymous_7)
FNDA:2,(anonymous_8)
FNDA:4,(anonymous_9)
DA:1,2
DA:2,2
DA:4,2
DA:5,2
DA:8,2
DA:13,2
DA:14,2
DA:15,2
DA:16,2
DA:17,2
DA:21,2
DA:22,0
DA:25,2
DA:26,2
DA:27,2
DA:28,2
DA:29,2
DA:31,2
DA:32,32
DA:33,32
DA:34,32
DA:35,32
DA:36,32
DA:39,2
DA:43,10
DA:52,0
DA:56,2
DA:57,2
DA:58,2
DA:60,0
DA:65,2
DA:66,0
DA:71,2
DA:72,2
DA:73,0
DA:78,4
DA:79,0
LF:37
LH:31
BRDA:4,0,0,2
BRDA:4,0,1,2
BRDA:21,1,0,0
BRDA:26,2,0,0
BRDA:26,2,1,2
BRDA:65,3,0,0
BRDA:65,4,0,2
BRDA:65,4,1,2
BRDA:72,5,0,0
BRDA:78,6,0,0
BRF:10
BRH:5
end_of_record
TN:
SF:src/shared/domain/Uuid.ts
FN:6,(anonymous_0)
FN:10,(anonymous_1)
FN:14,(anonymous_2)
FNF:3
FNH:2
FNDA:4,(anonymous_0)
FNDA:4,(anonymous_1)
FNDA:0,(anonymous_2)
DA:1,2
DA:3,2
DA:7,4
DA:11,4
DA:15,0
LF:5
LH:4
BRF:0
BRH:0
end_of_record
TN:
SF:src/shared/infrastructure/persistance/redis/RedisClientFactory.ts
FN:9,(anonymous_7)
FN:20,(anonymous_9)
FN:29,(anonymous_11)
FN:33,(anonymous_12)
FN:40,(anonymous_14)
FNF:5
FNH:4
FNDA:2,(anonymous_7)
FNDA:2,(anonymous_9)
FNDA:5,(anonymous_11)
FNDA:2,(anonymous_12)
FNDA:0,(anonymous_14)
DA:1,2
DA:6,2
DA:7,2
DA:10,2
DA:12,2
DA:13,2
DA:14,2
DA:17,2
DA:21,2
DA:22,2
DA:23,2
DA:24,2
DA:25,2
DA:30,5
DA:34,2
DA:35,2
DA:40,2
DA:41,0
DA:44,2
DA:46,2
DA:48,2
DA:50,0
DA:51,0
LF:23
LH:20
BRDA:12,0,0,2
BRDA:22,1,0,2
BRF:2
BRH:2
end_of_record
TN:
SF:src/shared/infrastructure/persistance/redis/RedisRepository.ts
FN:7,(anonymous_7)
FN:13,(anonymous_8)
FN:19,(anonymous_9)
FN:26,(anonymous_11)
FN:32,(anonymous_13)
FN:37,(anonymous_15)
FN:44,(anonymous_17)
FNF:7
FNH:5
FNDA:3,(anonymous_7)
FNDA:3,(anonymous_8)
FNDA:2,(anonymous_9)
FNDA:1,(anonymous_11)
FNDA:0,(anonymous_13)
FNDA:0,(anonymous_15)
FNDA:3,(anonymous_17)
DA:2,2
DA:4,2
DA:8,3
DA:14,3
DA:16,3
DA:20,2
DA:21,2
DA:27,1
DA:29,1
DA:33,0
DA:34,0
DA:38,0
DA:39,0
DA:41,0
DA:45,3
DA:46,0
LF:16
LH:10
BRDA:16,0,0,3
BRDA:16,0,1,0
BRDA:45,1,0,0
BRF:3
BRH:1
end_of_record
TN:
SF:src/shared/infrastructure/persistance/typeorm/TypeOrmDataSourceFactory.ts
FN:8,(anonymous_7)
FN:19,(anonymous_9)
FN:28,(anonymous_11)
FN:32,(anonymous_12)
FNF:4
FNH:4
FNDA:2,(anonymous_7)
FNDA:2,(anonymous_9)
FNDA:5,(anonymous_11)
FNDA:2,(anonymous_12)
DA:1,2
DA:2,2
DA:5,2
DA:6,2
DA:9,2
DA:11,2
DA:12,2
DA:13,2
DA:16,2
DA:20,2
DA:21,2
DA:22,2
DA:23,2
DA:24,2
DA:29,5
DA:33,2
DA:34,2
DA:45,2
DA:47,2
DA:49,2
DA:51,0
DA:52,0
LF:22
LH:20
BRDA:11,0,0,2
BRDA:21,1,0,2
BRF:2
BRH:2
end_of_record
TN:
SF:src/shared/infrastructure/persistance/typeorm/TypeOrmRepository.ts
FN:8,(anonymous_7)
FN:14,(anonymous_8)
FN:18,(anonymous_9)
FN:22,(anonymous_10)
FN:27,(anonymous_12)
FN:31,(anonymous_14)
FN:38,(anonymous_16)
FNF:7
FNH:2
FNDA:3,(anonymous_7)
FNDA:0,(anonymous_8)
FNDA:3,(anonymous_9)
FNDA:0,(anonymous_10)
FNDA:0,(anonymous_12)
FNDA:0,(anonymous_14)
FNDA:0,(anonymous_16)
DA:3,2
DA:5,2
DA:9,3
DA:15,0
DA:19,3
DA:23,0
DA:24,0
DA:28,0
DA:32,0
DA:39,0
LF:10
LH:4
BRF:0
BRH:0
end_of_record
TN:
SF:src/shared/infrastructure/persistance/typeorm/entities/card.entity.ts
FNF:0
FNH:0
DA:1,2
DA:12,2
DA:17,2
DA:20,2
DA:23,2
DA:26,2
DA:29,2
DA:32,2
DA:39,2
DA:46,2
LF:10
LH:10
BRF:0
BRH:0
end_of_record
